Constructing tool from setup file markerOptIKSetup.xml.

Loaded model A07_passive_autoScaled from file autoScaleWorker.osim
               MODEL: A07_passive_autoScaled
         coordinates: 27
              forces: 51
           actuators: 51
             muscles: 51
            analyses: 0
              probes: 0
              bodies: 13
              joints: 12
         constraints: 0
             markers: 50
         controllers: 0
  contact geometries: 0
misc modelcomponents: 0
Running tool PassiveChopped.
Loaded marker file Chopped.trc (50 markers, 302 frames)
Frame 0 (t=0):	total squared error = 0.00196072, marker error: RMS=0.00691538, max=0.0158449 (R_ASIS)
Frame 1 (t=0.00416667):	total squared error = 0.00194628, marker error: RMS=0.00688987, max=0.0157178 (R_ASIS)
Frame 2 (t=0.00833333):	total squared error = 0.00191397, marker error: RMS=0.00683244, max=0.0161846 (R_ASIS)
Frame 3 (t=0.0125):	total squared error = 0.00191018, marker error: RMS=0.00682567, max=0.0160471 (R_ASIS)
Frame 4 (t=0.0166667):	total squared error = 0.00189124, marker error: RMS=0.00679174, max=0.0165801 (R_ASIS)
Frame 5 (t=0.0208333):	total squared error = 0.0018887, marker error: RMS=0.00678718, max=0.0167334 (R_ASIS)
Frame 6 (t=0.025):	total squared error = 0.0018972, marker error: RMS=0.00680244, max=0.0168711 (R_ASIS)
Frame 7 (t=0.0291667):	total squared error = 0.00190688, marker error: RMS=0.00681978, max=0.017019 (R_ASIS)
Frame 8 (t=0.0333333):	total squared error = 0.00192121, marker error: RMS=0.00684535, max=0.0171365 (R_ASIS)
Frame 9 (t=0.0375):	total squared error = 0.00194209, marker error: RMS=0.00688245, max=0.0171276 (R_ASIS)
Frame 10 (t=0.0416667):	total squared error = 0.00196349, marker error: RMS=0.00692026, max=0.0174083 (R_ASIS)
Frame 11 (t=0.0458333):	total squared error = 0.00199676, marker error: RMS=0.00697865, max=0.0175596 (R_ASIS)
Frame 12 (t=0.05):	total squared error = 0.00203032, marker error: RMS=0.00703705, max=0.0177395 (R_ASIS)
Frame 13 (t=0.0541667):	total squared error = 0.00206286, marker error: RMS=0.0070932, max=0.0178599 (R_ASIS)
Frame 14 (t=0.0583333):	total squared error = 0.00202757, marker error: RMS=0.00703228, max=0.0173729 (R_ASIS)
Frame 15 (t=0.0625):	total squared error = 0.0020633, marker error: RMS=0.00709397, max=0.0176392 (R_ASIS)
Frame 16 (t=0.0666667):	total squared error = 0.00210137, marker error: RMS=0.00715912, max=0.0177788 (R_ASIS)
Frame 17 (t=0.0708333):	total squared error = 0.0021373, marker error: RMS=0.00722007, max=0.0176246 (R_ASIS)
Frame 18 (t=0.075):	total squared error = 0.0021761, marker error: RMS=0.0072853, max=0.0177169 (R_ASIS)
Frame 19 (t=0.0791667):	total squared error = 0.00221376, marker error: RMS=0.00734808, max=0.0178458 (R_ASIS)
Frame 20 (t=0.0833333):	total squared error = 0.00224162, marker error: RMS=0.00739416, max=0.0180185 (R_ASIS)
Frame 21 (t=0.0875):	total squared error = 0.00219775, marker error: RMS=0.00732145, max=0.0162966 (R_ASIS)
Frame 22 (t=0.0916667):	total squared error = 0.00221077, marker error: RMS=0.0073431, max=0.0165518 (R_ASIS)
Frame 23 (t=0.0958333):	total squared error = 0.00222356, marker error: RMS=0.00736432, max=0.016165 (R_ASIS)
Frame 24 (t=0.1):	total squared error = 0.00222826, marker error: RMS=0.00737209, max=0.0161257 (R_ASIS)
Frame 25 (t=0.104167):	total squared error = 0.00222345, marker error: RMS=0.00736414, max=0.0160158 (L_PSIS)
Frame 26 (t=0.108333):	total squared error = 0.00220654, marker error: RMS=0.00733609, max=0.0166014 (L_PSIS)
Frame 27 (t=0.1125):	total squared error = 0.00218328, marker error: RMS=0.00729731, max=0.0163239 (L_PSIS)
Frame 28 (t=0.116667):	total squared error = 0.00214948, marker error: RMS=0.0072406, max=0.0168115 (L_PSIS)
Frame 29 (t=0.120833):	total squared error = 0.00213126, marker error: RMS=0.00720985, max=0.0161955 (L_PSIS)
Frame 30 (t=0.125):	total squared error = 0.00209844, marker error: RMS=0.00715413, max=0.0164384 (L_PSIS)
Frame 31 (t=0.129167):	total squared error = 0.0020575, marker error: RMS=0.00708399, max=0.0164093 (L_PSIS)
Frame 32 (t=0.133333):	total squared error = 0.00203094, marker error: RMS=0.00703811, max=0.0160949 (L_PSIS)
Frame 33 (t=0.1375):	total squared error = 0.00200506, marker error: RMS=0.00699314, max=0.0159773 (L_PSIS)
Frame 34 (t=0.141667):	total squared error = 0.00197595, marker error: RMS=0.00694218, max=0.0152635 (L_PSIS)
Frame 35 (t=0.145833):	total squared error = 0.00195329, marker error: RMS=0.00690226, max=0.0147429 (L_PSIS)
Frame 36 (t=0.15):	total squared error = 0.00193911, marker error: RMS=0.00687716, max=0.014303 (L_PSIS)
Frame 37 (t=0.154167):	total squared error = 0.0019285, marker error: RMS=0.00685833, max=0.0140843 (R_PSIS)
Frame 38 (t=0.158333):	total squared error = 0.00190649, marker error: RMS=0.00681907, max=0.0158155 (L_PSIS)
Frame 39 (t=0.1625):	total squared error = 0.00189997, marker error: RMS=0.0068074, max=0.0153217 (L_PSIS)
Frame 40 (t=0.166667):	total squared error = 0.00188377, marker error: RMS=0.00677832, max=0.0145046 (L_PSIS)
Frame 41 (t=0.170833):	total squared error = 0.00184208, marker error: RMS=0.00670289, max=0.0152928 (L_PSIS)
Frame 42 (t=0.175):	total squared error = 0.00183014, marker error: RMS=0.00668114, max=0.014467 (L_PSIS)
Frame 43 (t=0.179167):	total squared error = 0.00181722, marker error: RMS=0.0066575, max=0.0142084 (L_PSIS)
Frame 44 (t=0.183333):	total squared error = 0.00181073, marker error: RMS=0.00664561, max=0.0139731 (R_1ST_MET)
Frame 45 (t=0.1875):	total squared error = 0.00173358, marker error: RMS=0.00650249, max=0.0138393 (L_PSIS)
Frame 46 (t=0.191667):	total squared error = 0.00171835, marker error: RMS=0.00647386, max=0.0132361 (L_PSIS)
Frame 47 (t=0.195833):	total squared error = 0.00169789, marker error: RMS=0.00643521, max=0.0129778 (L_PSIS)
Frame 48 (t=0.2):	total squared error = 0.00168285, marker error: RMS=0.00640664, max=0.0124729 (L_PSIS)
Frame 49 (t=0.204167):	total squared error = 0.00166581, marker error: RMS=0.00637413, max=0.0124622 (R_HEEL_MED)
Frame 50 (t=0.208333):	total squared error = 0.0016479, marker error: RMS=0.00633976, max=0.0120449 (R_HEEL_MED)
Frame 51 (t=0.2125):	total squared error = 0.00157615, marker error: RMS=0.00620022, max=0.0127671 (R_HEEL_MED)
Frame 52 (t=0.216667):	total squared error = 0.00155356, marker error: RMS=0.00615562, max=0.0125963 (R_HEEL_MED)
Frame 53 (t=0.220833):	total squared error = 0.00152841, marker error: RMS=0.0061056, max=0.0124736 (R_HEEL_MED)
Frame 54 (t=0.225):	total squared error = 0.00151752, marker error: RMS=0.0060838, max=0.0120677 (R_HEEL_MED)
Frame 55 (t=0.229167):	total squared error = 0.00149416, marker error: RMS=0.00603679, max=0.0122015 (R_HEEL_MED)
Frame 56 (t=0.233333):	total squared error = 0.00147304, marker error: RMS=0.00599399, max=0.0120009 (R_HEEL_MED)
Frame 57 (t=0.2375):	total squared error = 0.00145252, marker error: RMS=0.00595208, max=0.0118313 (R_HEEL_MED)
Frame 58 (t=0.241667):	total squared error = 0.00143134, marker error: RMS=0.00590852, max=0.0114292 (R_HEEL_MED)
Frame 59 (t=0.245833):	total squared error = 0.00140966, marker error: RMS=0.00586362, max=0.0112485 (R_HEEL_MED)
Frame 60 (t=0.25):	total squared error = 0.00139865, marker error: RMS=0.00584067, max=0.0112212 (L_ASIS)
Frame 61 (t=0.254167):	total squared error = 0.0013598, marker error: RMS=0.00575899, max=0.0110377 (L_ASIS)
Frame 62 (t=0.258333):	total squared error = 0.00135457, marker error: RMS=0.00574788, max=0.0111774 (L_ASIS)
Frame 63 (t=0.2625):	total squared error = 0.00127319, marker error: RMS=0.00557256, max=0.0110529 (L_ASIS)
Frame 64 (t=0.266667):	total squared error = 0.00126279, marker error: RMS=0.00554976, max=0.0111505 (L_ASIS)
Frame 65 (t=0.270833):	total squared error = 0.00122113, marker error: RMS=0.00545745, max=0.0106714 (L_ASIS)
Frame 66 (t=0.275):	total squared error = 0.00120927, marker error: RMS=0.00543088, max=0.0107518 (L_ASIS)
Frame 67 (t=0.279167):	total squared error = 0.001182, marker error: RMS=0.00536928, max=0.010524 (L_ASIS)
Frame 68 (t=0.283333):	total squared error = 0.00114123, marker error: RMS=0.00527589, max=0.0104865 (L_ASIS)
Frame 69 (t=0.2875):	total squared error = 0.00112161, marker error: RMS=0.00523033, max=0.0103215 (L_ASIS)
Frame 70 (t=0.291667):	total squared error = 0.00111778, marker error: RMS=0.00522138, max=0.0104824 (L_ASIS)
Frame 71 (t=0.295833):	total squared error = 0.0010827, marker error: RMS=0.0051388, max=0.00981685 (R_SHANK_PROX_POST)
Frame 72 (t=0.3):	total squared error = 0.00108228, marker error: RMS=0.00513781, max=0.0100491 (R_SHANK_PROX_POST)
Frame 73 (t=0.304167):	total squared error = 0.00103828, marker error: RMS=0.00503228, max=0.00993298 (R_SHANK_PROX_POST)
Frame 74 (t=0.308333):	total squared error = 0.00104039, marker error: RMS=0.00503741, max=0.010227 (R_SHANK_PROX_POST)
Frame 75 (t=0.3125):	total squared error = 0.00101198, marker error: RMS=0.00496815, max=0.0101513 (R_SHANK_PROX_POST)
Frame 76 (t=0.316667):	total squared error = 0.00102149, marker error: RMS=0.00499142, max=0.0104536 (R_SHANK_PROX_POST)
Frame 77 (t=0.320833):	total squared error = 0.00100806, marker error: RMS=0.00495852, max=0.0104812 (R_SHANK_PROX_POST)
Frame 78 (t=0.325):	total squared error = 0.00100411, marker error: RMS=0.00494878, max=0.0105007 (R_SHANK_PROX_POST)
Frame 79 (t=0.329167):	total squared error = 0.00101958, marker error: RMS=0.00498676, max=0.0107961 (R_SHANK_PROX_POST)
Frame 80 (t=0.333333):	total squared error = 0.00101741, marker error: RMS=0.00498145, max=0.010707 (R_SHANK_PROX_POST)
Frame 81 (t=0.3375):	total squared error = 0.00103978, marker error: RMS=0.00503592, max=0.0109801 (R_SHANK_PROX_POST)
Frame 82 (t=0.341667):	total squared error = 0.00104037, marker error: RMS=0.00503735, max=0.0108227 (R_SHANK_PROX_POST)
Frame 83 (t=0.345833):	total squared error = 0.00106681, marker error: RMS=0.00510097, max=0.0110219 (R_SHANK_PROX_POST)
Frame 84 (t=0.35):	total squared error = 0.00108348, marker error: RMS=0.00514066, max=0.0109695 (R_SHANK_PROX_POST)
Frame 85 (t=0.354167):	total squared error = 0.00111538, marker error: RMS=0.00521578, max=0.0113378 (R_THIGH_DIST_POST)
Frame 86 (t=0.358333):	total squared error = 0.00113866, marker error: RMS=0.00526993, max=0.0116631 (R_THIGH_DIST_POST)
Frame 87 (t=0.3625):	total squared error = 0.00117453, marker error: RMS=0.00535229, max=0.0120919 (R_THIGH_DIST_POST)
Frame 88 (t=0.366667):	total squared error = 0.0011915, marker error: RMS=0.00539083, max=0.0123969 (R_THIGH_DIST_POST)
Frame 89 (t=0.370833):	total squared error = 0.0012202, marker error: RMS=0.00545537, max=0.0127209 (R_THIGH_DIST_POST)
Frame 90 (t=0.375):	total squared error = 0.00125358, marker error: RMS=0.00552949, max=0.0130971 (R_THIGH_DIST_POST)
Frame 91 (t=0.379167):	total squared error = 0.00129459, marker error: RMS=0.00561919, max=0.013433 (R_THIGH_DIST_POST)
Frame 92 (t=0.383333):	total squared error = 0.00132004, marker error: RMS=0.00567416, max=0.0135873 (R_THIGH_DIST_POST)
Frame 93 (t=0.3875):	total squared error = 0.00135401, marker error: RMS=0.00574671, max=0.0138642 (R_THIGH_DIST_POST)
Frame 94 (t=0.391667):	total squared error = 0.00137536, marker error: RMS=0.00579185, max=0.0140755 (R_THIGH_DIST_POST)
Frame 95 (t=0.395833):	total squared error = 0.00140624, marker error: RMS=0.00585649, max=0.0143466 (R_THIGH_DIST_POST)
Frame 96 (t=0.4):	total squared error = 0.00143682, marker error: RMS=0.00591984, max=0.0145575 (R_THIGH_DIST_POST)
Frame 97 (t=0.404167):	total squared error = 0.0014625, marker error: RMS=0.0059725, max=0.0147297 (R_THIGH_DIST_POST)
Frame 98 (t=0.408333):	total squared error = 0.00146593, marker error: RMS=0.00597949, max=0.0148115 (R_THIGH_DIST_POST)
Frame 99 (t=0.4125):	total squared error = 0.00148636, marker error: RMS=0.00602102, max=0.0149386 (R_THIGH_DIST_POST)
Frame 100 (t=0.416667):	total squared error = 0.00150484, marker error: RMS=0.00605834, max=0.0150447 (R_THIGH_DIST_POST)
Frame 101 (t=0.420833):	total squared error = 0.00151966, marker error: RMS=0.0060881, max=0.0150881 (R_THIGH_DIST_POST)
Frame 102 (t=0.425):	total squared error = 0.00150624, marker error: RMS=0.00606116, max=0.0150955 (R_THIGH_DIST_POST)
Frame 103 (t=0.429167):	total squared error = 0.00151239, marker error: RMS=0.00607352, max=0.0151128 (R_THIGH_DIST_POST)
Frame 104 (t=0.433333):	total squared error = 0.00150425, marker error: RMS=0.00605714, max=0.0150671 (R_THIGH_DIST_POST)
Frame 105 (t=0.4375):	total squared error = 0.00150361, marker error: RMS=0.00605585, max=0.0149899 (R_THIGH_DIST_POST)
Frame 106 (t=0.441667):	total squared error = 0.0014898, marker error: RMS=0.00602798, max=0.0148955 (R_THIGH_DIST_POST)
Frame 107 (t=0.445833):	total squared error = 0.00148514, marker error: RMS=0.00601855, max=0.0147768 (R_THIGH_DIST_POST)
Frame 108 (t=0.45):	total squared error = 0.00146128, marker error: RMS=0.00597, max=0.0146609 (R_THIGH_DIST_POST)
Frame 109 (t=0.454167):	total squared error = 0.00145077, marker error: RMS=0.0059485, max=0.0144553 (R_THIGH_DIST_POST)
Frame 110 (t=0.458333):	total squared error = 0.00142394, marker error: RMS=0.00589324, max=0.0143041 (R_THIGH_DIST_POST)
Frame 111 (t=0.4625):	total squared error = 0.00141258, marker error: RMS=0.00586968, max=0.0140224 (R_THIGH_DIST_POST)
Frame 112 (t=0.466667):	total squared error = 0.00139928, marker error: RMS=0.00584199, max=0.0138197 (R_THIGH_DIST_POST)
Frame 113 (t=0.470833):	total squared error = 0.00138581, marker error: RMS=0.00581379, max=0.0135287 (R_THIGH_DIST_POST)
Frame 114 (t=0.475):	total squared error = 0.001349, marker error: RMS=0.00573607, max=0.0133245 (R_THIGH_DIST_POST)
Frame 115 (t=0.479167):	total squared error = 0.00133478, marker error: RMS=0.00570576, max=0.013063 (R_THIGH_DIST_POST)
Frame 116 (t=0.483333):	total squared error = 0.00132879, marker error: RMS=0.00569293, max=0.0127557 (R_THIGH_DIST_POST)
Frame 117 (t=0.4875):	total squared error = 0.00131991, marker error: RMS=0.00567389, max=0.0124931 (R_THIGH_DIST_POST)
Frame 118 (t=0.491667):	total squared error = 0.00130492, marker error: RMS=0.00564158, max=0.0122466 (R_THIGH_DIST_POST)
Frame 119 (t=0.495833):	total squared error = 0.00131508, marker error: RMS=0.00566348, max=0.0119913 (R_THIGH_DIST_POST)
Frame 120 (t=0.5):	total squared error = 0.00131117, marker error: RMS=0.00565506, max=0.0117537 (R_THIGH_DIST_POST)
Frame 121 (t=0.504167):	total squared error = 0.00132543, marker error: RMS=0.00568573, max=0.0115781 (R_THIGH_DIST_POST)
Frame 122 (t=0.508333):	total squared error = 0.00133226, marker error: RMS=0.00570036, max=0.0114583 (R_THIGH_DIST_POST)
Frame 123 (t=0.5125):	total squared error = 0.00135157, marker error: RMS=0.00574152, max=0.0112657 (R_THIGH_DIST_POST)
Frame 124 (t=0.516667):	total squared error = 0.00138432, marker error: RMS=0.00581067, max=0.0111277 (R_THIGH_DIST_POST)
Frame 125 (t=0.520833):	total squared error = 0.00141111, marker error: RMS=0.00586663, max=0.0113146 (L_AC)
Frame 126 (t=0.525):	total squared error = 0.00144087, marker error: RMS=0.00592816, max=0.0113726 (L_AC)
Frame 127 (t=0.529167):	total squared error = 0.00147082, marker error: RMS=0.00598947, max=0.0113069 (R_1ST_MET)
Frame 128 (t=0.533333):	total squared error = 0.00150369, marker error: RMS=0.00605602, max=0.0115767 (R_1ST_MET)
Frame 129 (t=0.5375):	total squared error = 0.00154613, marker error: RMS=0.00614089, max=0.0117645 (R_1ST_MET)
Frame 130 (t=0.541667):	total squared error = 0.00157539, marker error: RMS=0.00619872, max=0.0117291 (R_1ST_MET)
Frame 131 (t=0.545833):	total squared error = 0.00162851, marker error: RMS=0.00630236, max=0.0121068 (R_1ST_MET)
Frame 132 (t=0.55):	total squared error = 0.00165442, marker error: RMS=0.0063523, max=0.0120688 (R_HEEL_SUP)
Frame 133 (t=0.554167):	total squared error = 0.00167595, marker error: RMS=0.0063935, max=0.0121994 (R_HEEL_SUP)
Frame 134 (t=0.558333):	total squared error = 0.00169544, marker error: RMS=0.00643057, max=0.012426 (R_HEEL_SUP)
Frame 135 (t=0.5625):	total squared error = 0.001724, marker error: RMS=0.0064845, max=0.0127422 (R_HEEL_SUP)
Frame 136 (t=0.566667):	total squared error = 0.0017304, marker error: RMS=0.00649653, max=0.012589 (R_HEEL_LAT)
Frame 137 (t=0.570833):	total squared error = 0.00173938, marker error: RMS=0.00651337, max=0.0126948 (R_HEEL_LAT)
Frame 138 (t=0.575):	total squared error = 0.00174619, marker error: RMS=0.0065261, max=0.0125986 (R_1ST_MET)
Frame 139 (t=0.579167):	total squared error = 0.00174212, marker error: RMS=0.00651849, max=0.012747 (R_1ST_MET)
Frame 140 (t=0.583333):	total squared error = 0.00173484, marker error: RMS=0.00650485, max=0.0124513 (R_THIGH_DIST_POST)
Frame 141 (t=0.5875):	total squared error = 0.00170068, marker error: RMS=0.00644049, max=0.0123995 (R_1ST_MET)
Frame 142 (t=0.591667):	total squared error = 0.00167393, marker error: RMS=0.00638964, max=0.0123624 (R_1ST_MET)
Frame 143 (t=0.595833):	total squared error = 0.0016389, marker error: RMS=0.00632243, max=0.0121447 (R_1ST_MET)
Frame 144 (t=0.6):	total squared error = 0.00160077, marker error: RMS=0.00624846, max=0.0120822 (R_1ST_MET)
Frame 145 (t=0.604167):	total squared error = 0.00155858, marker error: RMS=0.00616556, max=0.011785 (R_1ST_MET)
Frame 146 (t=0.608333):	total squared error = 0.00152049, marker error: RMS=0.00608976, max=0.0116883 (R_1ST_MET)
Frame 147 (t=0.6125):	total squared error = 0.00147951, marker error: RMS=0.00600714, max=0.0113358 (R_1ST_MET)
Frame 148 (t=0.616667):	total squared error = 0.0014446, marker error: RMS=0.00593583, max=0.0114005 (R_PSIS)
Frame 149 (t=0.620833):	total squared error = 0.00141664, marker error: RMS=0.00587812, max=0.0115935 (R_PSIS)
Frame 150 (t=0.625):	total squared error = 0.00139831, marker error: RMS=0.00583996, max=0.0118288 (R_PSIS)
Frame 151 (t=0.629167):	total squared error = 0.00129289, marker error: RMS=0.00561551, max=0.01162 (R_PSIS)
Frame 152 (t=0.633333):	total squared error = 0.00129016, marker error: RMS=0.00560957, max=0.011509 (R_PSIS)
Frame 153 (t=0.6375):	total squared error = 0.00127674, marker error: RMS=0.00558032, max=0.0118443 (R_PSIS)
Frame 154 (t=0.641667):	total squared error = 0.00126107, marker error: RMS=0.00554597, max=0.0121843 (R_PSIS)
Frame 155 (t=0.645833):	total squared error = 0.00126742, marker error: RMS=0.00555993, max=0.0125892 (R_PSIS)
Frame 156 (t=0.65):	total squared error = 0.00128085, marker error: RMS=0.00558929, max=0.012776 (R_PSIS)
Frame 157 (t=0.654167):	total squared error = 0.00126573, marker error: RMS=0.00555622, max=0.0130856 (R_PSIS)
Frame 158 (t=0.658333):	total squared error = 0.00128056, marker error: RMS=0.00558865, max=0.0134355 (R_PSIS)
Frame 159 (t=0.6625):	total squared error = 0.00130193, marker error: RMS=0.0056351, max=0.0136289 (R_PSIS)
Frame 160 (t=0.666667):	total squared error = 0.00132271, marker error: RMS=0.0056799, max=0.0138375 (R_PSIS)
Frame 161 (t=0.670833):	total squared error = 0.00132514, marker error: RMS=0.00568511, max=0.0139204 (R_PSIS)
Frame 162 (t=0.675):	total squared error = 0.00134341, marker error: RMS=0.00572416, max=0.014042 (R_PSIS)
Frame 163 (t=0.679167):	total squared error = 0.0013592, marker error: RMS=0.00575771, max=0.0141666 (R_PSIS)
Frame 164 (t=0.683333):	total squared error = 0.00136974, marker error: RMS=0.00577998, max=0.0142587 (R_PSIS)
Frame 165 (t=0.6875):	total squared error = 0.00137678, marker error: RMS=0.00579482, max=0.0141481 (R_PSIS)
Frame 166 (t=0.691667):	total squared error = 0.00138224, marker error: RMS=0.0058063, max=0.0142907 (R_PSIS)
Frame 167 (t=0.695833):	total squared error = 0.00138055, marker error: RMS=0.00580275, max=0.0141232 (R_PSIS)
Frame 168 (t=0.7):	total squared error = 0.00138002, marker error: RMS=0.00580164, max=0.013927 (R_PSIS)
Frame 169 (t=0.704167):	total squared error = 0.00138125, marker error: RMS=0.00580424, max=0.0140425 (R_PSIS)
Frame 170 (t=0.708333):	total squared error = 0.00137433, marker error: RMS=0.00578966, max=0.0136804 (R_PSIS)
Frame 171 (t=0.7125):	total squared error = 0.00137813, marker error: RMS=0.00579766, max=0.01352 (R_PSIS)
Frame 172 (t=0.716667):	total squared error = 0.00137807, marker error: RMS=0.00579754, max=0.013674 (R_PSIS)
Frame 173 (t=0.720833):	total squared error = 0.00136529, marker error: RMS=0.0057706, max=0.0138799 (R_PSIS)
Frame 174 (t=0.725):	total squared error = 0.00134693, marker error: RMS=0.00573166, max=0.0133683 (R_PSIS)
Frame 175 (t=0.729167):	total squared error = 0.00134687, marker error: RMS=0.00573153, max=0.0132406 (R_PSIS)
Frame 176 (t=0.733333):	total squared error = 0.00133814, marker error: RMS=0.00571293, max=0.0128217 (R_PSIS)
Frame 177 (t=0.7375):	total squared error = 0.00132155, marker error: RMS=0.0056774, max=0.0121933 (R_PSIS)
Frame 178 (t=0.741667):	total squared error = 0.00131594, marker error: RMS=0.00566534, max=0.012983 (R_PSIS)
Frame 179 (t=0.745833):	total squared error = 0.00129721, marker error: RMS=0.00562489, max=0.0124041 (R_PSIS)
Frame 180 (t=0.75):	total squared error = 0.00129651, marker error: RMS=0.00562337, max=0.0124415 (R_PSIS)
Frame 181 (t=0.754167):	total squared error = 0.00127541, marker error: RMS=0.00557741, max=0.011879 (R_PSIS)
Frame 182 (t=0.758333):	total squared error = 0.00126926, marker error: RMS=0.00556396, max=0.0114039 (R_PSIS)
Frame 183 (t=0.7625):	total squared error = 0.0012544, marker error: RMS=0.0055313, max=0.0120591 (R_PSIS)
Frame 184 (t=0.766667):	total squared error = 0.00123825, marker error: RMS=0.00549557, max=0.0115562 (R_PSIS)
Frame 185 (t=0.770833):	total squared error = 0.0012234, marker error: RMS=0.00546252, max=0.0115399 (R_PSIS)
Frame 186 (t=0.775):	total squared error = 0.00120509, marker error: RMS=0.00542148, max=0.0110637 (R_PSIS)
Frame 187 (t=0.779167):	total squared error = 0.00119238, marker error: RMS=0.00539282, max=0.0107431 (R_PSIS)
Frame 188 (t=0.783333):	total squared error = 0.00117066, marker error: RMS=0.00534347, max=0.0108526 (R_PSIS)
Frame 189 (t=0.7875):	total squared error = 0.00114892, marker error: RMS=0.00529361, max=0.0103562 (R_PSIS)
Frame 190 (t=0.791667):	total squared error = 0.00113425, marker error: RMS=0.00525973, max=0.0100932 (R_PSIS)
Frame 191 (t=0.795833):	total squared error = 0.00111558, marker error: RMS=0.00521626, max=0.00967406 (R_PSIS)
Frame 192 (t=0.8):	total squared error = 0.0011018, marker error: RMS=0.00518393, max=0.00937313 (R_PSIS)
Frame 193 (t=0.804167):	total squared error = 0.00107995, marker error: RMS=0.00513228, max=0.0093821 (R_SHANK_PROX_POST)
Frame 194 (t=0.808333):	total squared error = 0.00106748, marker error: RMS=0.00510257, max=0.00915877 (R_SHANK_PROX_POST)
Frame 195 (t=0.8125):	total squared error = 0.00104319, marker error: RMS=0.00504417, max=0.0091197 (R_SHANK_PROX_POST)
Frame 196 (t=0.816667):	total squared error = 0.00103325, marker error: RMS=0.00502007, max=0.00900783 (R_SHANK_PROX_POST)
Frame 197 (t=0.820833):	total squared error = 0.00102334, marker error: RMS=0.00499594, max=0.00890573 (R_SHANK_PROX_POST)
Frame 198 (t=0.825):	total squared error = 0.00101459, marker error: RMS=0.00497455, max=0.00887078 (R_SHANK_PROX_POST)
Frame 199 (t=0.829167):	total squared error = 0.000998407, marker error: RMS=0.00493471, max=0.00908841 (R_SHANK_PROX_POST)
Frame 200 (t=0.833333):	total squared error = 0.00097814, marker error: RMS=0.00488437, max=0.00900161 (R_SHANK_PROX_POST)
Frame 201 (t=0.8375):	total squared error = 0.000972071, marker error: RMS=0.00486919, max=0.00897103 (R_SHANK_PROX_POST)
Frame 202 (t=0.841667):	total squared error = 0.000968272, marker error: RMS=0.00485967, max=0.00890323 (R_SHANK_PROX_POST)
Frame 203 (t=0.845833):	total squared error = 0.000968708, marker error: RMS=0.00486076, max=0.00892847 (R_SHANK_PROX_POST)
Frame 204 (t=0.85):	total squared error = 0.000953403, marker error: RMS=0.00482221, max=0.00906243 (R_SHANK_PROX_POST)
Frame 205 (t=0.854167):	total squared error = 0.000951391, marker error: RMS=0.00481712, max=0.00898453 (R_SHANK_PROX_POST)
Frame 206 (t=0.858333):	total squared error = 0.000942545, marker error: RMS=0.00479467, max=0.00899736 (R_SHANK_PROX_POST)
Frame 207 (t=0.8625):	total squared error = 0.000945973, marker error: RMS=0.00480338, max=0.00894416 (R_SHANK_PROX_POST)
Frame 208 (t=0.866667):	total squared error = 0.000947184, marker error: RMS=0.00480646, max=0.00883719 (R_SHANK_PROX_POST)
Frame 209 (t=0.870833):	total squared error = 0.00093533, marker error: RMS=0.00477629, max=0.00886606 (R_SHANK_PROX_POST)
Frame 210 (t=0.875):	total squared error = 0.000939097, marker error: RMS=0.0047859, max=0.00877805 (R_SHANK_PROX_POST)
Frame 211 (t=0.879167):	total squared error = 0.00094196, marker error: RMS=0.00479319, max=0.00869125 (R_SHANK_PROX_POST)
Frame 212 (t=0.883333):	total squared error = 0.000949904, marker error: RMS=0.00481336, max=0.00879711 (STERN)
Frame 213 (t=0.8875):	total squared error = 0.000955209, marker error: RMS=0.00482678, max=0.00893003 (STERN)
Frame 214 (t=0.891667):	total squared error = 0.000955824, marker error: RMS=0.00482833, max=0.00882056 (STERN)
Frame 215 (t=0.895833):	total squared error = 0.000984116, marker error: RMS=0.00489927, max=0.00939053 (STERN)
Frame 216 (t=0.9):	total squared error = 0.000979157, marker error: RMS=0.00488691, max=0.00909457 (STERN)
Frame 217 (t=0.904167):	total squared error = 0.000992154, marker error: RMS=0.00491924, max=0.00936251 (STERN)
Frame 218 (t=0.908333):	total squared error = 0.0010084, marker error: RMS=0.00495934, max=0.00954914 (STERN)
Frame 219 (t=0.9125):	total squared error = 0.00102635, marker error: RMS=0.0050033, max=0.00974432 (STERN)
Frame 220 (t=0.916667):	total squared error = 0.00104364, marker error: RMS=0.00504526, max=0.00982424 (STERN)
Frame 221 (t=0.920833):	total squared error = 0.00107888, marker error: RMS=0.00512973, max=0.0102821 (STERN)
Frame 222 (t=0.925):	total squared error = 0.00108497, marker error: RMS=0.00514418, max=0.0101314 (STERN)
Frame 223 (t=0.929167):	total squared error = 0.00110836, marker error: RMS=0.00519934, max=0.0102481 (STERN)
Frame 224 (t=0.933333):	total squared error = 0.00113306, marker error: RMS=0.00525695, max=0.0103012 (STERN)
Frame 225 (t=0.9375):	total squared error = 0.00115606, marker error: RMS=0.00531004, max=0.010375 (STERN)
Frame 226 (t=0.941667):	total squared error = 0.00118096, marker error: RMS=0.00536692, max=0.010372 (STERN)
Frame 227 (t=0.945833):	total squared error = 0.0012156, marker error: RMS=0.00544507, max=0.0107336 (STERN)
Frame 228 (t=0.95):	total squared error = 0.00123266, marker error: RMS=0.00548315, max=0.0105699 (STERN)
Frame 229 (t=0.954167):	total squared error = 0.00125588, marker error: RMS=0.00553456, max=0.0106498 (STERN)
Frame 230 (t=0.958333):	total squared error = 0.00128539, marker error: RMS=0.0055992, max=0.0108708 (STERN)
Frame 231 (t=0.9625):	total squared error = 0.00129965, marker error: RMS=0.00563016, max=0.0109988 (STERN)
Frame 232 (t=0.966667):	total squared error = 0.00131624, marker error: RMS=0.00566599, max=0.0111564 (L_PSIS)
Frame 233 (t=0.970833):	total squared error = 0.0013401, marker error: RMS=0.00571712, max=0.0111664 (L_PSIS)
Frame 234 (t=0.975):	total squared error = 0.00134584, marker error: RMS=0.00572934, max=0.0114893 (L_PSIS)
Frame 235 (t=0.979167):	total squared error = 0.0013606, marker error: RMS=0.00576068, max=0.0117437 (L_PSIS)
Frame 236 (t=0.983333):	total squared error = 0.00137112, marker error: RMS=0.00578291, max=0.0116932 (L_PSIS)
Frame 237 (t=0.9875):	total squared error = 0.0013785, marker error: RMS=0.00579845, max=0.0119829 (L_PSIS)
Frame 238 (t=0.991667):	total squared error = 0.00138572, marker error: RMS=0.00581362, max=0.0118851 (L_PSIS)
Frame 239 (t=0.995833):	total squared error = 0.00139749, marker error: RMS=0.00583825, max=0.0122441 (L_PSIS)
Frame 240 (t=1):	total squared error = 0.0013989, marker error: RMS=0.0058412, max=0.0121482 (L_PSIS)
Frame 241 (t=1.00417):	total squared error = 0.00138979, marker error: RMS=0.00582213, max=0.0122244 (L_PSIS)
Frame 242 (t=1.00833):	total squared error = 0.00138565, marker error: RMS=0.00581346, max=0.0122938 (L_PSIS)
Frame 243 (t=1.0125):	total squared error = 0.00139383, marker error: RMS=0.0058306, max=0.0124643 (L_PSIS)
Frame 244 (t=1.01667):	total squared error = 0.00138272, marker error: RMS=0.00580731, max=0.0122816 (L_PSIS)
Frame 245 (t=1.02083):	total squared error = 0.00137964, marker error: RMS=0.00580085, max=0.0122393 (L_PSIS)
Frame 246 (t=1.025):	total squared error = 0.00136996, marker error: RMS=0.00578046, max=0.0123002 (L_PSIS)
Frame 247 (t=1.02917):	total squared error = 0.00136295, marker error: RMS=0.00576565, max=0.0123972 (L_PSIS)
Frame 248 (t=1.03333):	total squared error = 0.00136558, marker error: RMS=0.00577122, max=0.0126264 (L_PSIS)
Frame 249 (t=1.0375):	total squared error = 0.00136435, marker error: RMS=0.0057686, max=0.0125371 (L_PSIS)
Frame 250 (t=1.04167):	total squared error = 0.00135515, marker error: RMS=0.00574913, max=0.0124316 (L_PSIS)
Frame 251 (t=1.04583):	total squared error = 0.00134904, marker error: RMS=0.00573614, max=0.012506 (L_PSIS)
Frame 252 (t=1.05):	total squared error = 0.00136002, marker error: RMS=0.00575945, max=0.012624 (L_PSIS)
Frame 253 (t=1.05417):	total squared error = 0.00135507, marker error: RMS=0.00574896, max=0.0125386 (L_PSIS)
Frame 254 (t=1.05833):	total squared error = 0.00134736, marker error: RMS=0.00573257, max=0.0124227 (L_PSIS)
Frame 255 (t=1.0625):	total squared error = 0.00134413, marker error: RMS=0.00572571, max=0.0124224 (L_PSIS)
Frame 256 (t=1.06667):	total squared error = 0.0013537, marker error: RMS=0.00574605, max=0.0127722 (L_PSIS)
Frame 257 (t=1.07083):	total squared error = 0.00135026, marker error: RMS=0.00573874, max=0.0126778 (L_PSIS)
Frame 258 (t=1.075):	total squared error = 0.00134839, marker error: RMS=0.00573478, max=0.012547 (L_PSIS)
Frame 259 (t=1.07917):	total squared error = 0.00134848, marker error: RMS=0.00573496, max=0.0125796 (L_PSIS)
Frame 260 (t=1.08333):	total squared error = 0.00135134, marker error: RMS=0.00574103, max=0.0126009 (L_PSIS)
Frame 261 (t=1.0875):	total squared error = 0.00135548, marker error: RMS=0.00574983, max=0.0125817 (L_PSIS)
Frame 262 (t=1.09167):	total squared error = 0.00134972, marker error: RMS=0.00573759, max=0.0125141 (L_PSIS)
Frame 263 (t=1.09583):	total squared error = 0.00136358, marker error: RMS=0.00576698, max=0.0126574 (L_PSIS)
Frame 264 (t=1.1):	total squared error = 0.00135078, marker error: RMS=0.00573985, max=0.0125032 (L_PSIS)
Frame 265 (t=1.10417):	total squared error = 0.0013557, marker error: RMS=0.00575029, max=0.0126294 (L_PSIS)
Frame 266 (t=1.10833):	total squared error = 0.00135427, marker error: RMS=0.00574727, max=0.0125452 (L_PSIS)
Frame 267 (t=1.1125):	total squared error = 0.00136282, marker error: RMS=0.00576538, max=0.0124433 (L_PSIS)
Frame 268 (t=1.11667):	total squared error = 0.00135495, marker error: RMS=0.00574871, max=0.0123498 (L_PSIS)
Frame 269 (t=1.12083):	total squared error = 0.00136503, marker error: RMS=0.00577005, max=0.0123049 (L_PSIS)
Frame 270 (t=1.125):	total squared error = 0.00136823, marker error: RMS=0.0057768, max=0.0123346 (L_PSIS)
Frame 271 (t=1.12917):	total squared error = 0.00136754, marker error: RMS=0.00577535, max=0.0121744 (L_PSIS)
Frame 272 (t=1.13333):	total squared error = 0.00138185, marker error: RMS=0.00580548, max=0.0120494 (L_PSIS)
Frame 273 (t=1.1375):	total squared error = 0.0013948, marker error: RMS=0.00583262, max=0.0120262 (L_PSIS)
Frame 274 (t=1.14167):	total squared error = 0.00140549, marker error: RMS=0.00585493, max=0.012178 (L_PSIS)
Frame 275 (t=1.14583):	total squared error = 0.00142399, marker error: RMS=0.00589333, max=0.0119461 (L_PSIS)
Frame 276 (t=1.15):	total squared error = 0.00145127, marker error: RMS=0.00594951, max=0.0121228 (L_PSIS)
Frame 277 (t=1.15417):	total squared error = 0.00145932, marker error: RMS=0.005966, max=0.0118524 (L_PSIS)
Frame 278 (t=1.15833):	total squared error = 0.00148881, marker error: RMS=0.00602598, max=0.0120578 (R_ASIS)
Frame 279 (t=1.1625):	total squared error = 0.00150277, marker error: RMS=0.00605417, max=0.0122916 (R_ASIS)
Frame 280 (t=1.16667):	total squared error = 0.00153387, marker error: RMS=0.0061165, max=0.0126331 (R_ASIS)
Frame 281 (t=1.17083):	total squared error = 0.00155727, marker error: RMS=0.00616297, max=0.0126758 (R_ASIS)
Frame 282 (t=1.175):	total squared error = 0.00158586, marker error: RMS=0.00621929, max=0.0129454 (R_ASIS)
Frame 283 (t=1.17917):	total squared error = 0.00159787, marker error: RMS=0.0062428, max=0.0132345 (R_ASIS)
Frame 284 (t=1.18333):	total squared error = 0.00162626, marker error: RMS=0.006298, max=0.0135292 (R_ASIS)
Frame 285 (t=1.1875):	total squared error = 0.00165094, marker error: RMS=0.00634561, max=0.0136874 (R_ASIS)
Frame 286 (t=1.19167):	total squared error = 0.00167143, marker error: RMS=0.00638487, max=0.0138815 (R_ASIS)
Frame 287 (t=1.19583):	total squared error = 0.00169308, marker error: RMS=0.0064261, max=0.0140587 (R_ASIS)
Frame 288 (t=1.2):	total squared error = 0.00171523, marker error: RMS=0.00646799, max=0.0142963 (R_ASIS)
InverseKinematicsTool completed 288 frames in 11.814s

IK compute time = 12041ms
