Constructing tool from setup file IKSetup\Setup_IK_A01_PREF_T0018_LockState6.xml.

Loaded model A01_Left_TTAmp_SR1_scaled from file C:\Users\Mark\Documents\AutoPlaceGit\opensim-marker-place-toolbox\A01\Models\AutoPlaced\A01_passive_FULL_auto_marker_place_6DOF_4dof_orientation.osim
               MODEL: A01_Left_TTAmp_SR1_scaled
         coordinates: 33
              forces: 51
           actuators: 51
             muscles: 51
            analyses: 0
              probes: 0
              bodies: 13
              joints: 12
         constraints: 0
             markers: 47
         controllers: 0
  contact geometries: 0
misc modelcomponents: 0
Running tool A01_PREF_T0018_LockState6.
Loaded marker file C:\Users\Mark\Documents\AutoPlaceGit\opensim-marker-place-toolbox\A01\MarkerData\PREF\A01_PREF_T0018.trc (48 markers, 285 frames)
Frame 0 (t=0):	total squared error = 0.00154329, marker error: RMS=0.00654745, max=0.0148891 (L_AC)
Frame 1 (t=0.00416667):	total squared error = 0.00152446, marker error: RMS=0.00650739, max=0.0149289 (L_AC)
Frame 2 (t=0.00833333):	total squared error = 0.0015107, marker error: RMS=0.00647796, max=0.0149022 (L_AC)
Frame 3 (t=0.0125):	total squared error = 0.00150174, marker error: RMS=0.00645872, max=0.0149291 (L_AC)
Frame 4 (t=0.0166667):	total squared error = 0.0014964, marker error: RMS=0.00644721, max=0.0150416 (L_AC)
Frame 5 (t=0.0208333):	total squared error = 0.00149721, marker error: RMS=0.00644897, max=0.0151013 (L_AC)
Frame 6 (t=0.025):	total squared error = 0.00150112, marker error: RMS=0.00645739, max=0.0151322 (L_AC)
Frame 7 (t=0.0291667):	total squared error = 0.00150324, marker error: RMS=0.00646193, max=0.0150748 (L_AC)
Frame 8 (t=0.0333333):	total squared error = 0.00152724, marker error: RMS=0.00651331, max=0.0151066 (L_AC)
Frame 9 (t=0.0375):	total squared error = 0.0015271, marker error: RMS=0.00651302, max=0.01508 (L_AC)
Frame 10 (t=0.0416667):	total squared error = 0.00154169, marker error: RMS=0.00654406, max=0.0150332 (L_AC)
Frame 11 (t=0.0458333):	total squared error = 0.00155963, marker error: RMS=0.00658202, max=0.0151274 (L_AC)
Frame 12 (t=0.05):	total squared error = 0.00155006, marker error: RMS=0.00656179, max=0.0149936 (L_AC)
Frame 13 (t=0.0541667):	total squared error = 0.00156597, marker error: RMS=0.00659539, max=0.0149823 (L_AC)
Frame 14 (t=0.0583333):	total squared error = 0.00158238, marker error: RMS=0.00662986, max=0.0148961 (L_AC)
Frame 15 (t=0.0625):	total squared error = 0.00160603, marker error: RMS=0.00667921, max=0.0149058 (L_AC)
Frame 16 (t=0.0666667):	total squared error = 0.00162629, marker error: RMS=0.00672121, max=0.0148433 (L_AC)
Frame 17 (t=0.0708333):	total squared error = 0.00164831, marker error: RMS=0.00676657, max=0.0148175 (L_AC)
Frame 18 (t=0.075):	total squared error = 0.00168098, marker error: RMS=0.00683329, max=0.0146609 (L_AC)
Frame 19 (t=0.0791667):	total squared error = 0.00170139, marker error: RMS=0.00687466, max=0.0145255 (L_AC)
Frame 20 (t=0.0833333):	total squared error = 0.00172549, marker error: RMS=0.00692318, max=0.0144606 (R_TOE)
Frame 21 (t=0.0875):	total squared error = 0.0016976, marker error: RMS=0.00686699, max=0.0142643 (L_AC)
Frame 22 (t=0.0916667):	total squared error = 0.00171955, marker error: RMS=0.00691124, max=0.0140837 (L_AC)
Frame 23 (t=0.0958333):	total squared error = 0.00173268, marker error: RMS=0.00693757, max=0.0144581 (R_TOE)
Frame 24 (t=0.1):	total squared error = 0.00174223, marker error: RMS=0.00695667, max=0.0149715 (R_TOE)
Frame 25 (t=0.104167):	total squared error = 0.00177344, marker error: RMS=0.0070187, max=0.0161961 (R_TOE)
Frame 26 (t=0.108333):	total squared error = 0.00178628, marker error: RMS=0.00704406, max=0.0170957 (R_TOE)
Frame 27 (t=0.1125):	total squared error = 0.00178518, marker error: RMS=0.0070419, max=0.0167397 (R_TOE)
Frame 28 (t=0.116667):	total squared error = 0.00179423, marker error: RMS=0.00705973, max=0.0176171 (R_TOE)
Frame 29 (t=0.120833):	total squared error = 0.00181465, marker error: RMS=0.00709978, max=0.018532 (R_TOE)
Frame 30 (t=0.125):	total squared error = 0.0018069, marker error: RMS=0.00708461, max=0.0190101 (R_TOE)
Frame 31 (t=0.129167):	total squared error = 0.00179922, marker error: RMS=0.00706953, max=0.0194039 (R_TOE)
Frame 32 (t=0.133333):	total squared error = 0.00179874, marker error: RMS=0.00706859, max=0.0197907 (R_TOE)
Frame 33 (t=0.1375):	total squared error = 0.0017819, marker error: RMS=0.00703543, max=0.0198567 (R_TOE)
Frame 34 (t=0.141667):	total squared error = 0.00177397, marker error: RMS=0.00701975, max=0.0199965 (R_TOE)
Frame 35 (t=0.145833):	total squared error = 0.00175586, marker error: RMS=0.00698382, max=0.0198531 (R_TOE)
Frame 36 (t=0.15):	total squared error = 0.00173423, marker error: RMS=0.00694069, max=0.019495 (R_TOE)
Frame 37 (t=0.154167):	total squared error = 0.00171546, marker error: RMS=0.00690301, max=0.0190728 (R_TOE)
Frame 38 (t=0.158333):	total squared error = 0.00163127, marker error: RMS=0.00673149, max=0.0195442 (R_TOE)
Frame 39 (t=0.1625):	total squared error = 0.0015845, marker error: RMS=0.00663429, max=0.0184778 (R_TOE)
Frame 40 (t=0.166667):	total squared error = 0.00154923, marker error: RMS=0.00656005, max=0.0173413 (R_TOE)
Frame 41 (t=0.170833):	total squared error = 0.00151754, marker error: RMS=0.00649261, max=0.0161043 (R_TOE)
Frame 42 (t=0.175):	total squared error = 0.00149373, marker error: RMS=0.00644146, max=0.0147976 (R_TOE)
Frame 43 (t=0.179167):	total squared error = 0.00136254, marker error: RMS=0.0061521, max=0.0150782 (R_TOE)
Frame 44 (t=0.183333):	total squared error = 0.00132328, marker error: RMS=0.00606282, max=0.0136328 (L_HEEL_SUP)
Frame 45 (t=0.1875):	total squared error = 0.00130864, marker error: RMS=0.00602918, max=0.0137374 (L_HEEL_SUP)
Frame 46 (t=0.191667):	total squared error = 0.00129948, marker error: RMS=0.00600806, max=0.0137584 (L_HEEL_SUP)
Frame 47 (t=0.195833):	total squared error = 0.00120428, marker error: RMS=0.0057838, max=0.0137997 (L_HEEL_SUP)
Frame 48 (t=0.2):	total squared error = 0.00119576, marker error: RMS=0.0057633, max=0.0139144 (L_HEEL_SUP)
Frame 49 (t=0.204167):	total squared error = 0.00119502, marker error: RMS=0.0057615, max=0.01399 (L_HEEL_SUP)
Frame 50 (t=0.208333):	total squared error = 0.0012051, marker error: RMS=0.00578575, max=0.0140641 (L_HEEL_SUP)
Frame 51 (t=0.2125):	total squared error = 0.00114996, marker error: RMS=0.00565185, max=0.0141471 (L_HEEL_SUP)
Frame 52 (t=0.216667):	total squared error = 0.00116499, marker error: RMS=0.00568865, max=0.0141053 (L_HEEL_SUP)
Frame 53 (t=0.220833):	total squared error = 0.00115989, marker error: RMS=0.00567619, max=0.0143472 (L_HEEL_SUP)
Frame 54 (t=0.225):	total squared error = 0.00118754, marker error: RMS=0.00574344, max=0.014242 (L_HEEL_SUP)
Frame 55 (t=0.229167):	total squared error = 0.00116956, marker error: RMS=0.00569981, max=0.0145051 (L_HEEL_SUP)
Frame 56 (t=0.233333):	total squared error = 0.00113847, marker error: RMS=0.00562354, max=0.0146242 (L_HEEL_SUP)
Frame 57 (t=0.2375):	total squared error = 0.00114736, marker error: RMS=0.00564544, max=0.0147788 (L_HEEL_SUP)
Frame 58 (t=0.241667):	total squared error = 0.00113716, marker error: RMS=0.00562029, max=0.0147834 (L_HEEL_SUP)
Frame 59 (t=0.245833):	total squared error = 0.00115036, marker error: RMS=0.00565283, max=0.015028 (L_HEEL_SUP)
Frame 60 (t=0.25):	total squared error = 0.00113811, marker error: RMS=0.00562264, max=0.0150235 (L_HEEL_SUP)
Frame 61 (t=0.254167):	total squared error = 0.00113626, marker error: RMS=0.00561807, max=0.015061 (L_HEEL_SUP)
Frame 62 (t=0.258333):	total squared error = 0.00113046, marker error: RMS=0.00560372, max=0.0148717 (L_HEEL_SUP)
Frame 63 (t=0.2625):	total squared error = 0.00113409, marker error: RMS=0.00561271, max=0.0151474 (L_HEEL_SUP)
Frame 64 (t=0.266667):	total squared error = 0.00114475, marker error: RMS=0.00563902, max=0.0153385 (L_HEEL_SUP)
Frame 65 (t=0.270833):	total squared error = 0.00113647, marker error: RMS=0.00561861, max=0.0152338 (L_HEEL_SUP)
Frame 66 (t=0.275):	total squared error = 0.00113852, marker error: RMS=0.00562366, max=0.015267 (L_HEEL_SUP)
Frame 67 (t=0.279167):	total squared error = 0.00114455, marker error: RMS=0.00563854, max=0.0153655 (L_HEEL_SUP)
Frame 68 (t=0.283333):	total squared error = 0.00115178, marker error: RMS=0.0056563, max=0.0154399 (L_HEEL_SUP)
Frame 69 (t=0.2875):	total squared error = 0.00115019, marker error: RMS=0.00565242, max=0.0154323 (L_HEEL_SUP)
Frame 70 (t=0.291667):	total squared error = 0.0011755, marker error: RMS=0.00571426, max=0.0154922 (L_HEEL_SUP)
Frame 71 (t=0.295833):	total squared error = 0.0011674, marker error: RMS=0.00569454, max=0.0155337 (L_HEEL_SUP)
Frame 72 (t=0.3):	total squared error = 0.00116462, marker error: RMS=0.00568775, max=0.0155814 (L_HEEL_SUP)
Frame 73 (t=0.304167):	total squared error = 0.00118284, marker error: RMS=0.00573209, max=0.0156274 (L_HEEL_SUP)
Frame 74 (t=0.308333):	total squared error = 0.00117485, marker error: RMS=0.00571269, max=0.0156067 (L_HEEL_SUP)
Frame 75 (t=0.3125):	total squared error = 0.00117702, marker error: RMS=0.00571796, max=0.0156892 (L_HEEL_SUP)
Frame 76 (t=0.316667):	total squared error = 0.00117556, marker error: RMS=0.00571442, max=0.0156925 (L_HEEL_SUP)
Frame 77 (t=0.320833):	total squared error = 0.00118069, marker error: RMS=0.00572687, max=0.0157438 (L_HEEL_SUP)
Frame 78 (t=0.325):	total squared error = 0.00119178, marker error: RMS=0.00575368, max=0.0156443 (L_HEEL_SUP)
Frame 79 (t=0.329167):	total squared error = 0.00117951, marker error: RMS=0.00572401, max=0.0157062 (L_HEEL_SUP)
Frame 80 (t=0.333333):	total squared error = 0.0011899, marker error: RMS=0.00574916, max=0.0156784 (L_HEEL_SUP)
Frame 81 (t=0.3375):	total squared error = 0.00119021, marker error: RMS=0.0057499, max=0.015764 (L_HEEL_SUP)
Frame 82 (t=0.341667):	total squared error = 0.00120077, marker error: RMS=0.00577534, max=0.0156607 (L_HEEL_SUP)
Frame 83 (t=0.345833):	total squared error = 0.00120198, marker error: RMS=0.00577827, max=0.0156946 (L_HEEL_SUP)
Frame 84 (t=0.35):	total squared error = 0.00121161, marker error: RMS=0.00580137, max=0.0156459 (L_HEEL_SUP)
Frame 85 (t=0.354167):	total squared error = 0.0012301, marker error: RMS=0.00584545, max=0.0156454 (L_HEEL_SUP)
Frame 86 (t=0.358333):	total squared error = 0.00124955, marker error: RMS=0.00589149, max=0.0155479 (L_HEEL_SUP)
Frame 87 (t=0.3625):	total squared error = 0.0012776, marker error: RMS=0.00595725, max=0.0154809 (L_HEEL_SUP)
Frame 88 (t=0.366667):	total squared error = 0.00130793, marker error: RMS=0.00602756, max=0.0154615 (L_HEEL_SUP)
Frame 89 (t=0.370833):	total squared error = 0.00133904, marker error: RMS=0.00609881, max=0.0153829 (L_HEEL_SUP)
Frame 90 (t=0.375):	total squared error = 0.00138052, marker error: RMS=0.00619256, max=0.0152768 (L_HEEL_SUP)
Frame 91 (t=0.379167):	total squared error = 0.0014228, marker error: RMS=0.00628667, max=0.0152281 (L_HEEL_SUP)
Frame 92 (t=0.383333):	total squared error = 0.00146908, marker error: RMS=0.00638809, max=0.0151474 (L_HEEL_SUP)
Frame 93 (t=0.3875):	total squared error = 0.00152391, marker error: RMS=0.00650622, max=0.0150315 (L_HEEL_SUP)
Frame 94 (t=0.391667):	total squared error = 0.00157684, marker error: RMS=0.00661823, max=0.0149583 (L_HEEL_SUP)
Frame 95 (t=0.395833):	total squared error = 0.00163059, marker error: RMS=0.0067301, max=0.0148556 (L_HEEL_SUP)
Frame 96 (t=0.4):	total squared error = 0.00168961, marker error: RMS=0.00685081, max=0.014806 (L_HEEL_SUP)
Frame 97 (t=0.404167):	total squared error = 0.00174111, marker error: RMS=0.00695444, max=0.0146915 (L_HEEL_SUP)
Frame 98 (t=0.408333):	total squared error = 0.00178758, marker error: RMS=0.00704663, max=0.014609 (L_HEEL_SUP)
Frame 99 (t=0.4125):	total squared error = 0.00182819, marker error: RMS=0.00712622, max=0.014507 (L_HEEL_SUP)
Frame 100 (t=0.416667):	total squared error = 0.00186698, marker error: RMS=0.00720144, max=0.014416 (L_HEEL_SUP)
Frame 101 (t=0.420833):	total squared error = 0.00191218, marker error: RMS=0.00728808, max=0.0143417 (L_HEEL_SUP)
Frame 102 (t=0.425):	total squared error = 0.00194054, marker error: RMS=0.00734192, max=0.014291 (L_HEEL_SUP)
Frame 103 (t=0.429167):	total squared error = 0.00194815, marker error: RMS=0.00735632, max=0.0142034 (L_HEEL_SUP)
Frame 104 (t=0.433333):	total squared error = 0.00196839, marker error: RMS=0.00739442, max=0.0141568 (L_HEEL_SUP)
Frame 105 (t=0.4375):	total squared error = 0.0019869, marker error: RMS=0.00742911, max=0.014118 (L_HEEL_SUP)
Frame 106 (t=0.441667):	total squared error = 0.00199637, marker error: RMS=0.00744679, max=0.0140714 (L_HEEL_SUP)
Frame 107 (t=0.445833):	total squared error = 0.00200231, marker error: RMS=0.00745786, max=0.0140449 (L_HEEL_SUP)
Frame 108 (t=0.45):	total squared error = 0.00201603, marker error: RMS=0.00748338, max=0.0139824 (L_HEEL_SUP)
Frame 109 (t=0.454167):	total squared error = 0.00198496, marker error: RMS=0.00742548, max=0.0139474 (L_HEEL_SUP)
Frame 110 (t=0.458333):	total squared error = 0.0019966, marker error: RMS=0.00744722, max=0.0139406 (L_HEEL_SUP)
Frame 111 (t=0.4625):	total squared error = 0.00200287, marker error: RMS=0.00745891, max=0.0139206 (L_HEEL_SUP)
Frame 112 (t=0.466667):	total squared error = 0.00198159, marker error: RMS=0.00741918, max=0.01386 (L_HEEL_SUP)
Frame 113 (t=0.470833):	total squared error = 0.0019906, marker error: RMS=0.00743603, max=0.0138992 (L_HEEL_SUP)
Frame 114 (t=0.475):	total squared error = 0.00199438, marker error: RMS=0.00744308, max=0.0139271 (L_HEEL_SUP)
Frame 115 (t=0.479167):	total squared error = 0.00199117, marker error: RMS=0.00743708, max=0.0138867 (L_HEEL_SUP)
Frame 116 (t=0.483333):	total squared error = 0.00198009, marker error: RMS=0.00741637, max=0.0138632 (L_HEEL_SUP)
Frame 117 (t=0.4875):	total squared error = 0.00199631, marker error: RMS=0.00744667, max=0.0139158 (L_HEEL_SUP)
Frame 118 (t=0.491667):	total squared error = 0.00200458, marker error: RMS=0.00746209, max=0.0139649 (L_HEEL_SUP)
Frame 119 (t=0.495833):	total squared error = 0.00200243, marker error: RMS=0.00745809, max=0.0138706 (L_HEEL_SUP)
Frame 120 (t=0.5):	total squared error = 0.00201708, marker error: RMS=0.00748532, max=0.0139843 (L_HEEL_SUP)
Frame 121 (t=0.504167):	total squared error = 0.00201834, marker error: RMS=0.00748766, max=0.0139486 (L_HEEL_SUP)
Frame 122 (t=0.508333):	total squared error = 0.00203546, marker error: RMS=0.00751935, max=0.0140445 (L_AC)
Frame 123 (t=0.5125):	total squared error = 0.00205416, marker error: RMS=0.00755381, max=0.0140446 (L_HEEL_SUP)
Frame 124 (t=0.516667):	total squared error = 0.00205579, marker error: RMS=0.00755681, max=0.014733 (L_AC)
Frame 125 (t=0.520833):	total squared error = 0.00206254, marker error: RMS=0.00756921, max=0.0151512 (L_AC)
Frame 126 (t=0.525):	total squared error = 0.00206856, marker error: RMS=0.00758024, max=0.0155502 (L_AC)
Frame 127 (t=0.529167):	total squared error = 0.00208547, marker error: RMS=0.00761115, max=0.0155976 (L_AC)
Frame 128 (t=0.533333):	total squared error = 0.00210614, marker error: RMS=0.00764879, max=0.0165108 (L_AC)
Frame 129 (t=0.5375):	total squared error = 0.00212028, marker error: RMS=0.00767442, max=0.0164592 (L_AC)
Frame 130 (t=0.541667):	total squared error = 0.0021319, marker error: RMS=0.00769541, max=0.0172128 (L_AC)
Frame 131 (t=0.545833):	total squared error = 0.00214067, marker error: RMS=0.00771123, max=0.0171805 (L_AC)
Frame 132 (t=0.55):	total squared error = 0.00215472, marker error: RMS=0.0077365, max=0.0179038 (L_AC)
Frame 133 (t=0.554167):	total squared error = 0.00215623, marker error: RMS=0.00773921, max=0.0178177 (L_AC)
Frame 134 (t=0.558333):	total squared error = 0.00214738, marker error: RMS=0.0077233, max=0.0179935 (L_AC)
Frame 135 (t=0.5625):	total squared error = 0.00215016, marker error: RMS=0.0077283, max=0.0182661 (L_AC)
Frame 136 (t=0.566667):	total squared error = 0.00214143, marker error: RMS=0.0077126, max=0.0186387 (L_AC)
Frame 137 (t=0.570833):	total squared error = 0.00213703, marker error: RMS=0.00770467, max=0.0185339 (L_AC)
Frame 138 (t=0.575):	total squared error = 0.00210048, marker error: RMS=0.0076385, max=0.0183899 (L_AC)
Frame 139 (t=0.579167):	total squared error = 0.00207793, marker error: RMS=0.00759739, max=0.0185205 (L_AC)
Frame 140 (t=0.583333):	total squared error = 0.0020423, marker error: RMS=0.00753197, max=0.0187488 (L_AC)
Frame 141 (t=0.5875):	total squared error = 0.00198584, marker error: RMS=0.00742714, max=0.0181598 (L_AC)
Frame 142 (t=0.591667):	total squared error = 0.00194413, marker error: RMS=0.00734872, max=0.0183449 (L_AC)
Frame 143 (t=0.595833):	total squared error = 0.00194022, marker error: RMS=0.00734133, max=0.0181634 (L_AC)
Frame 144 (t=0.6):	total squared error = 0.00188501, marker error: RMS=0.00723612, max=0.0176606 (L_AC)
Frame 145 (t=0.604167):	total squared error = 0.00184208, marker error: RMS=0.00715324, max=0.0178009 (L_AC)
Frame 146 (t=0.608333):	total squared error = 0.001783, marker error: RMS=0.0070376, max=0.0166767 (L_AC)
Frame 147 (t=0.6125):	total squared error = 0.0017301, marker error: RMS=0.00693241, max=0.0162547 (L_AC)
Frame 148 (t=0.616667):	total squared error = 0.00169972, marker error: RMS=0.00687127, max=0.0166424 (L_AC)
Frame 149 (t=0.620833):	total squared error = 0.00159233, marker error: RMS=0.00665068, max=0.0148835 (L_AC)
Frame 150 (t=0.625):	total squared error = 0.00155666, marker error: RMS=0.00657575, max=0.0144398 (L_HEEL_SUP)
Frame 151 (t=0.629167):	total squared error = 0.00151808, marker error: RMS=0.00649377, max=0.0143311 (L_HEEL_SUP)
Frame 152 (t=0.633333):	total squared error = 0.00148575, marker error: RMS=0.00642424, max=0.0142136 (L_HEEL_SUP)
Frame 153 (t=0.6375):	total squared error = 0.00145457, marker error: RMS=0.00635646, max=0.0141011 (L_HEEL_SUP)
Frame 154 (t=0.641667):	total squared error = 0.00141603, marker error: RMS=0.0062717, max=0.0139273 (L_HEEL_SUP)
Frame 155 (t=0.645833):	total squared error = 0.00133167, marker error: RMS=0.00608201, max=0.0137689 (L_HEEL_SUP)
Frame 156 (t=0.65):	total squared error = 0.00129458, marker error: RMS=0.0059967, max=0.0135007 (L_HEEL_SUP)
Frame 157 (t=0.654167):	total squared error = 0.00125748, marker error: RMS=0.00591016, max=0.0132917 (L_HEEL_SUP)
Frame 158 (t=0.658333):	total squared error = 0.00121695, marker error: RMS=0.00581413, max=0.0130665 (L_HEEL_SUP)
Frame 159 (t=0.6625):	total squared error = 0.00117264, marker error: RMS=0.00570731, max=0.0128332 (L_HEEL_SUP)
Frame 160 (t=0.666667):	total squared error = 0.00112373, marker error: RMS=0.00558701, max=0.0125105 (L_HEEL_SUP)
Frame 161 (t=0.670833):	total squared error = 0.00107898, marker error: RMS=0.00547465, max=0.0122449 (L_HEEL_SUP)
Frame 162 (t=0.675):	total squared error = 0.0010337, marker error: RMS=0.00535853, max=0.011797 (L_HEEL_SUP)
Frame 163 (t=0.679167):	total squared error = 0.00099873, marker error: RMS=0.00526712, max=0.011504 (L_HEEL_SUP)
Frame 164 (t=0.683333):	total squared error = 0.000963861, marker error: RMS=0.00517435, max=0.0111233 (L_HEEL_SUP)
Frame 165 (t=0.6875):	total squared error = 0.000926765, marker error: RMS=0.0050738, max=0.0108343 (L_HEEL_SUP)
Frame 166 (t=0.691667):	total squared error = 0.00090495, marker error: RMS=0.00501373, max=0.0104405 (L_HEEL_SUP)
Frame 167 (t=0.695833):	total squared error = 0.00088652, marker error: RMS=0.00496242, max=0.0100316 (L_LAT_KNEE)
Frame 168 (t=0.7):	total squared error = 0.000876114, marker error: RMS=0.0049332, max=0.00981605 (L_LAT_KNEE)
Frame 169 (t=0.704167):	total squared error = 0.000866658, marker error: RMS=0.00490651, max=0.00961608 (L_LAT_KNEE)
Frame 170 (t=0.708333):	total squared error = 0.000857183, marker error: RMS=0.00487961, max=0.00943158 (L_LAT_KNEE)
Frame 171 (t=0.7125):	total squared error = 0.000847429, marker error: RMS=0.00485177, max=0.00926837 (L_LAT_KNEE)
Frame 172 (t=0.716667):	total squared error = 0.000855546, marker error: RMS=0.00487495, max=0.00903605 (L_LAT_KNEE)
Frame 173 (t=0.720833):	total squared error = 0.000823895, marker error: RMS=0.00478393, max=0.00895712 (L_LAT_KNEE)
Frame 174 (t=0.725):	total squared error = 0.000817891, marker error: RMS=0.00476647, max=0.00895849 (L_PSIS)
Frame 175 (t=0.729167):	total squared error = 0.000791142, marker error: RMS=0.00468787, max=0.00875944 (L_LAT_KNEE)
Frame 176 (t=0.733333):	total squared error = 0.000787988, marker error: RMS=0.00467852, max=0.0087011 (L_LAT_KNEE)
Frame 177 (t=0.7375):	total squared error = 0.000774827, marker error: RMS=0.00463928, max=0.00870472 (L_LAT_KNEE)
Frame 178 (t=0.741667):	total squared error = 0.000771017, marker error: RMS=0.00462787, max=0.00871383 (L_LAT_KNEE)
Frame 179 (t=0.745833):	total squared error = 0.000777728, marker error: RMS=0.00464796, max=0.00874211 (L_PSIS)
Frame 180 (t=0.75):	total squared error = 0.000770721, marker error: RMS=0.00462698, max=0.00875005 (L_LAT_KNEE)
Frame 181 (t=0.754167):	total squared error = 0.000759946, marker error: RMS=0.00459452, max=0.00878257 (L_LAT_KNEE)
Frame 182 (t=0.758333):	total squared error = 0.000756582, marker error: RMS=0.00458434, max=0.00884659 (L_LAT_KNEE)
Frame 183 (t=0.7625):	total squared error = 0.000775154, marker error: RMS=0.00464026, max=0.00893856 (L_LAT_KNEE)
Frame 184 (t=0.766667):	total squared error = 0.000776848, marker error: RMS=0.00464533, max=0.00900597 (L_LAT_KNEE)
Frame 185 (t=0.770833):	total squared error = 0.000784734, marker error: RMS=0.00466885, max=0.00908199 (L_LAT_KNEE)
Frame 186 (t=0.775):	total squared error = 0.000795648, marker error: RMS=0.00470121, max=0.0091437 (L_LAT_KNEE)
Frame 187 (t=0.779167):	total squared error = 0.000817706, marker error: RMS=0.00476593, max=0.00924112 (L_LAT_KNEE)
Frame 188 (t=0.783333):	total squared error = 0.000811597, marker error: RMS=0.00474809, max=0.00929462 (L_LAT_KNEE)
Frame 189 (t=0.7875):	total squared error = 0.000827538, marker error: RMS=0.00479449, max=0.00934959 (L_LAT_KNEE)
Frame 190 (t=0.791667):	total squared error = 0.000831059, marker error: RMS=0.00480468, max=0.00941321 (L_LAT_KNEE)
Frame 191 (t=0.795833):	total squared error = 0.000848284, marker error: RMS=0.00485422, max=0.00947963 (R_5TH_MET)
Frame 192 (t=0.8):	total squared error = 0.000838911, marker error: RMS=0.00482733, max=0.00978755 (R_5TH_MET)
Frame 193 (t=0.804167):	total squared error = 0.000865364, marker error: RMS=0.00490285, max=0.010321 (R_5TH_MET)
Frame 194 (t=0.808333):	total squared error = 0.000851332, marker error: RMS=0.00486293, max=0.010264 (R_5TH_MET)
Frame 195 (t=0.8125):	total squared error = 0.000860993, marker error: RMS=0.00489045, max=0.0105487 (R_5TH_MET)
Frame 196 (t=0.816667):	total squared error = 0.000882243, marker error: RMS=0.00495043, max=0.0108455 (R_5TH_MET)
Frame 197 (t=0.820833):	total squared error = 0.000857753, marker error: RMS=0.00488124, max=0.0109872 (R_5TH_MET)
Frame 198 (t=0.825):	total squared error = 0.000864381, marker error: RMS=0.00490006, max=0.0111259 (R_5TH_MET)
Frame 199 (t=0.829167):	total squared error = 0.000867397, marker error: RMS=0.0049086, max=0.0111591 (R_5TH_MET)
Frame 200 (t=0.833333):	total squared error = 0.000871187, marker error: RMS=0.00491931, max=0.0112437 (R_5TH_MET)
Frame 201 (t=0.8375):	total squared error = 0.000871011, marker error: RMS=0.00491882, max=0.0112409 (R_5TH_MET)
Frame 202 (t=0.841667):	total squared error = 0.000876303, marker error: RMS=0.00493374, max=0.0112703 (R_5TH_MET)
Frame 203 (t=0.845833):	total squared error = 0.0008778, marker error: RMS=0.00493795, max=0.0112637 (R_5TH_MET)
Frame 204 (t=0.85):	total squared error = 0.000893056, marker error: RMS=0.00498067, max=0.0112354 (R_5TH_MET)
Frame 205 (t=0.854167):	total squared error = 0.000883501, marker error: RMS=0.00495396, max=0.0112744 (R_5TH_MET)
Frame 206 (t=0.858333):	total squared error = 0.000885596, marker error: RMS=0.00495983, max=0.0112778 (R_5TH_MET)
Frame 207 (t=0.8625):	total squared error = 0.000898363, marker error: RMS=0.00499545, max=0.0111479 (R_5TH_MET)
Frame 208 (t=0.866667):	total squared error = 0.000889283, marker error: RMS=0.00497014, max=0.0112606 (R_5TH_MET)
Frame 209 (t=0.870833):	total squared error = 0.000890743, marker error: RMS=0.00497422, max=0.0112895 (R_5TH_MET)
Frame 210 (t=0.875):	total squared error = 0.000893547, marker error: RMS=0.00498204, max=0.0112159 (R_5TH_MET)
Frame 211 (t=0.879167):	total squared error = 0.000893685, marker error: RMS=0.00498243, max=0.0111834 (R_5TH_MET)
Frame 212 (t=0.883333):	total squared error = 0.000893399, marker error: RMS=0.00498163, max=0.0111778 (R_5TH_MET)
Frame 213 (t=0.8875):	total squared error = 0.000898366, marker error: RMS=0.00499546, max=0.0112029 (R_5TH_MET)
Frame 214 (t=0.891667):	total squared error = 0.000903225, marker error: RMS=0.00500895, max=0.0111843 (R_5TH_MET)
Frame 215 (t=0.895833):	total squared error = 0.000911525, marker error: RMS=0.00503191, max=0.0108478 (R_5TH_MET)
Frame 216 (t=0.9):	total squared error = 0.000904588, marker error: RMS=0.00501273, max=0.0109379 (R_5TH_MET)
Frame 217 (t=0.904167):	total squared error = 0.00091477, marker error: RMS=0.00504086, max=0.0106428 (R_5TH_MET)
Frame 218 (t=0.908333):	total squared error = 0.000910385, marker error: RMS=0.00502876, max=0.0104933 (R_5TH_MET)
Frame 219 (t=0.9125):	total squared error = 0.000915701, marker error: RMS=0.00504343, max=0.0105225 (R_AC)
Frame 220 (t=0.916667):	total squared error = 0.000919041, marker error: RMS=0.00505261, max=0.0111515 (R_5TH_MET)
Frame 221 (t=0.920833):	total squared error = 0.000925054, marker error: RMS=0.00506912, max=0.0106922 (R_AC)
Frame 222 (t=0.925):	total squared error = 0.000924161, marker error: RMS=0.00506667, max=0.0109436 (R_5TH_MET)
Frame 223 (t=0.929167):	total squared error = 0.000926346, marker error: RMS=0.00507266, max=0.0108869 (R_AC)
Frame 224 (t=0.933333):	total squared error = 0.00092678, marker error: RMS=0.00507384, max=0.0107232 (R_AC)
Frame 225 (t=0.9375):	total squared error = 0.0009225, marker error: RMS=0.00506211, max=0.0108541 (R_AC)
Frame 226 (t=0.941667):	total squared error = 0.000927457, marker error: RMS=0.0050757, max=0.0110187 (R_AC)
Frame 227 (t=0.945833):	total squared error = 0.000928755, marker error: RMS=0.00507925, max=0.0114646 (R_AC)
Frame 228 (t=0.95):	total squared error = 0.00092273, marker error: RMS=0.00506275, max=0.0111994 (R_AC)
Frame 229 (t=0.954167):	total squared error = 0.000929491, marker error: RMS=0.00508126, max=0.011748 (R_AC)
Frame 230 (t=0.958333):	total squared error = 0.000929275, marker error: RMS=0.00508067, max=0.011465 (R_AC)
Frame 231 (t=0.9625):	total squared error = 0.000930137, marker error: RMS=0.00508302, max=0.0119995 (R_AC)
Frame 232 (t=0.966667):	total squared error = 0.000922033, marker error: RMS=0.00506083, max=0.0119043 (R_AC)
Frame 233 (t=0.970833):	total squared error = 0.000926398, marker error: RMS=0.0050728, max=0.0122888 (R_AC)
Frame 234 (t=0.975):	total squared error = 0.000934344, marker error: RMS=0.00509451, max=0.0126487 (R_AC)
Frame 235 (t=0.979167):	total squared error = 0.000920718, marker error: RMS=0.00505722, max=0.0122513 (R_AC)
Frame 236 (t=0.983333):	total squared error = 0.0009158, marker error: RMS=0.0050437, max=0.0125661 (R_AC)
Frame 237 (t=0.9875):	total squared error = 0.00092718, marker error: RMS=0.00507494, max=0.0130574 (R_AC)
Frame 238 (t=0.991667):	total squared error = 0.000916616, marker error: RMS=0.00504594, max=0.0128172 (R_AC)
Frame 239 (t=0.995833):	total squared error = 0.000929785, marker error: RMS=0.00508206, max=0.013387 (R_AC)
Frame 240 (t=1):	total squared error = 0.000921935, marker error: RMS=0.00506056, max=0.0131202 (R_AC)
Frame 241 (t=1.00417):	total squared error = 0.000930685, marker error: RMS=0.00508452, max=0.0136098 (R_AC)
Frame 242 (t=1.00833):	total squared error = 0.000925833, marker error: RMS=0.00507125, max=0.0136531 (R_AC)
Frame 243 (t=1.0125):	total squared error = 0.000940314, marker error: RMS=0.00511076, max=0.0140647 (R_AC)
Frame 244 (t=1.01667):	total squared error = 0.000936531, marker error: RMS=0.00510047, max=0.014084 (R_AC)
Frame 245 (t=1.02083):	total squared error = 0.000954189, marker error: RMS=0.00514833, max=0.0144463 (R_AC)
Frame 246 (t=1.025):	total squared error = 0.000957735, marker error: RMS=0.00515788, max=0.0147134 (R_AC)
Frame 247 (t=1.02917):	total squared error = 0.000973099, marker error: RMS=0.00519909, max=0.0149342 (R_AC)
Frame 248 (t=1.03333):	total squared error = 0.000972775, marker error: RMS=0.00519822, max=0.0150325 (R_AC)
Frame 249 (t=1.0375):	total squared error = 0.000993105, marker error: RMS=0.00525226, max=0.0153371 (R_AC)
Frame 250 (t=1.04167):	total squared error = 0.0010008, marker error: RMS=0.00527256, max=0.0157913 (R_AC)
Frame 251 (t=1.04583):	total squared error = 0.00102355, marker error: RMS=0.00533216, max=0.0159427 (R_AC)
Frame 252 (t=1.05):	total squared error = 0.00101211, marker error: RMS=0.00530227, max=0.016049 (R_AC)
Frame 253 (t=1.05417):	total squared error = 0.00103896, marker error: RMS=0.00537216, max=0.0164619 (R_AC)
Frame 254 (t=1.05833):	total squared error = 0.00104671, marker error: RMS=0.00539215, max=0.016971 (R_AC)
Frame 255 (t=1.0625):	total squared error = 0.0010636, marker error: RMS=0.00543547, max=0.0169245 (R_AC)
Frame 256 (t=1.06667):	total squared error = 0.00109184, marker error: RMS=0.00550717, max=0.0173092 (R_AC)
Frame 257 (t=1.07083):	total squared error = 0.00110481, marker error: RMS=0.00553978, max=0.0176773 (R_AC)
Frame 258 (t=1.075):	total squared error = 0.00113403, marker error: RMS=0.00561256, max=0.0179385 (R_AC)
Frame 259 (t=1.07917):	total squared error = 0.00115267, marker error: RMS=0.0056585, max=0.0184232 (R_AC)
Frame 260 (t=1.08333):	total squared error = 0.00117678, marker error: RMS=0.00571738, max=0.0185428 (R_AC)
Frame 261 (t=1.0875):	total squared error = 0.00121295, marker error: RMS=0.00580457, max=0.0188069 (R_AC)
Frame 262 (t=1.09167):	total squared error = 0.00124276, marker error: RMS=0.00587547, max=0.0191847 (R_AC)
Frame 263 (t=1.09583):	total squared error = 0.00128317, marker error: RMS=0.00597023, max=0.019452 (R_AC)
Frame 264 (t=1.1):	total squared error = 0.00130334, marker error: RMS=0.00601698, max=0.0199115 (R_AC)
Frame 265 (t=1.10417):	total squared error = 0.0013285, marker error: RMS=0.00607477, max=0.0204229 (R_AC)
Frame 266 (t=1.10833):	total squared error = 0.00136336, marker error: RMS=0.00615396, max=0.0206318 (R_AC)
Frame 267 (t=1.1125):	total squared error = 0.00139185, marker error: RMS=0.00621792, max=0.0206482 (R_AC)
Frame 268 (t=1.11667):	total squared error = 0.00141745, marker error: RMS=0.00627485, max=0.0210947 (R_AC)
Frame 269 (t=1.12083):	total squared error = 0.00144559, marker error: RMS=0.00633683, max=0.0211665 (R_AC)
Frame 270 (t=1.125):	total squared error = 0.00146933, marker error: RMS=0.00638864, max=0.0215293 (R_AC)
Frame 271 (t=1.12917):	total squared error = 0.00149618, marker error: RMS=0.00644675, max=0.0214586 (R_AC)
Frame 272 (t=1.13333):	total squared error = 0.00152026, marker error: RMS=0.00649841, max=0.0219142 (R_AC)
Frame 273 (t=1.1375):	total squared error = 0.00154644, marker error: RMS=0.00655414, max=0.0220316 (R_AC)
Frame 274 (t=1.14167):	total squared error = 0.00155459, marker error: RMS=0.00657138, max=0.0218767 (R_AC)
Frame 275 (t=1.14583):	total squared error = 0.00158425, marker error: RMS=0.00663377, max=0.0221784 (R_AC)
Frame 276 (t=1.15):	total squared error = 0.00159026, marker error: RMS=0.00664633, max=0.0219811 (R_AC)
Frame 277 (t=1.15417):	total squared error = 0.00161737, marker error: RMS=0.00670275, max=0.0218893 (R_AC)
Frame 278 (t=1.15833):	total squared error = 0.00163403, marker error: RMS=0.00673718, max=0.022255 (R_AC)
Frame 279 (t=1.1625):	total squared error = 0.00163639, marker error: RMS=0.00674205, max=0.0220584 (R_AC)
Frame 280 (t=1.16667):	total squared error = 0.00165372, marker error: RMS=0.00677765, max=0.0219424 (R_AC)
Frame 281 (t=1.17083):	total squared error = 0.00166055, marker error: RMS=0.00679165, max=0.0218323 (R_AC)
Frame 282 (t=1.175):	total squared error = 0.00166941, marker error: RMS=0.00680974, max=0.0218681 (R_AC)
Frame 283 (t=1.17917):	total squared error = 0.00165921, marker error: RMS=0.00678889, max=0.0218468 (R_AC)
Frame 284 (t=1.18333):	total squared error = 0.00165568, marker error: RMS=0.00678168, max=0.0216782 (R_AC)
Frame 285 (t=1.1875):	total squared error = 0.00166219, marker error: RMS=0.006795, max=0.021728 (R_AC)
InverseKinematicsTool completed 285 frames in 13.084s

IK compute time = 13365ms
