Constructing tool from setup file F:\Mark\AutoPlaceGit\A07\IKSetup\A07_Setup_IK.xml.

Loaded model A07_passive_autoScaled from file F:\Mark\AutoPlaceGit\A07\autoPlaceWorker.osim
               MODEL: A07_passive_autoScaled
         coordinates: 27
              forces: 51
           actuators: 51
             muscles: 51
            analyses: 0
              probes: 0
              bodies: 13
              joints: 12
         constraints: 0
             markers: 50
         controllers: 0
  contact geometries: 0
misc modelcomponents: 0
Running tool PassiveChopped.
Loaded marker file F:\Mark\AutoPlaceGit\A07\MarkerData\PREF\A07_Pref_0002.trc (50 markers, 303 frames)
Frame 0 (t=0):	total squared error = 0.0018226, marker error: RMS=0.00666736, max=0.0134942 (R_ASIS)
Frame 1 (t=0.00416667):	total squared error = 0.00180671, marker error: RMS=0.00663823, max=0.0133687 (R_ASIS)
Frame 2 (t=0.00833333):	total squared error = 0.00177631, marker error: RMS=0.00658214, max=0.0134848 (R_ASIS)
Frame 3 (t=0.0125):	total squared error = 0.00176341, marker error: RMS=0.00655821, max=0.0133236 (R_ASIS)
Frame 4 (t=0.0166667):	total squared error = 0.00177584, marker error: RMS=0.00658128, max=0.0132768 (R_ASIS)
Frame 5 (t=0.0208333):	total squared error = 0.00175324, marker error: RMS=0.00653927, max=0.0136893 (R_ASIS)
Frame 6 (t=0.025):	total squared error = 0.00176879, marker error: RMS=0.0065682, max=0.0141638 (R_ASIS)
Frame 7 (t=0.0291667):	total squared error = 0.00177122, marker error: RMS=0.00657271, max=0.0138354 (R_ASIS)
Frame 8 (t=0.0333333):	total squared error = 0.00178051, marker error: RMS=0.00658993, max=0.0143101 (R_ASIS)
Frame 9 (t=0.0375):	total squared error = 0.0017966, marker error: RMS=0.00661963, max=0.0145866 (R_ASIS)
Frame 10 (t=0.0416667):	total squared error = 0.00182076, marker error: RMS=0.006664, max=0.0148407 (R_ASIS)
Frame 11 (t=0.0458333):	total squared error = 0.00183999, marker error: RMS=0.00669909, max=0.0150085 (R_ASIS)
Frame 12 (t=0.05):	total squared error = 0.00184392, marker error: RMS=0.00670624, max=0.0140899 (R_ASIS)
Frame 13 (t=0.0541667):	total squared error = 0.00186474, marker error: RMS=0.00674399, max=0.0146401 (R_ASIS)
Frame 14 (t=0.0583333):	total squared error = 0.00188766, marker error: RMS=0.00678532, max=0.0148815 (R_ASIS)
Frame 15 (t=0.0625):	total squared error = 0.00191432, marker error: RMS=0.00683305, max=0.0148107 (R_ASIS)
Frame 16 (t=0.0666667):	total squared error = 0.00193207, marker error: RMS=0.00686468, max=0.0151703 (R_ASIS)
Frame 17 (t=0.0708333):	total squared error = 0.00195248, marker error: RMS=0.00690083, max=0.0150895 (R_ASIS)
Frame 18 (t=0.075):	total squared error = 0.00196459, marker error: RMS=0.00692219, max=0.0150164 (R_ASIS)
Frame 19 (t=0.0791667):	total squared error = 0.00197679, marker error: RMS=0.00694366, max=0.0148536 (R_ASIS)
Frame 20 (t=0.0833333):	total squared error = 0.00191106, marker error: RMS=0.00682725, max=0.0133105 (L_HEEL_SUP)
Frame 21 (t=0.0875):	total squared error = 0.00190556, marker error: RMS=0.00681741, max=0.0133918 (L_HEEL_SUP)
Frame 22 (t=0.0916667):	total squared error = 0.00189946, marker error: RMS=0.00680649, max=0.0134526 (L_HEEL_SUP)
Frame 23 (t=0.0958333):	total squared error = 0.00189976, marker error: RMS=0.00680703, max=0.0134977 (L_HEEL_SUP)
Frame 24 (t=0.1):	total squared error = 0.00190239, marker error: RMS=0.00681173, max=0.0135491 (L_HEEL_SUP)
Frame 25 (t=0.104167):	total squared error = 0.00187212, marker error: RMS=0.00675732, max=0.0134392 (L_HEEL_SUP)
Frame 26 (t=0.108333):	total squared error = 0.00185223, marker error: RMS=0.00672134, max=0.0134264 (L_HEEL_SUP)
Frame 27 (t=0.1125):	total squared error = 0.00185202, marker error: RMS=0.00672096, max=0.0134194 (L_HEEL_SUP)
Frame 28 (t=0.116667):	total squared error = 0.00180541, marker error: RMS=0.00663585, max=0.0133404 (L_HEEL_SUP)
Frame 29 (t=0.120833):	total squared error = 0.00177183, marker error: RMS=0.00657385, max=0.0132473 (L_HEEL_SUP)
Frame 30 (t=0.125):	total squared error = 0.00178229, marker error: RMS=0.00659321, max=0.0132149 (L_HEEL_SUP)
Frame 31 (t=0.129167):	total squared error = 0.00172534, marker error: RMS=0.00648702, max=0.0130855 (L_HEEL_SUP)
Frame 32 (t=0.133333):	total squared error = 0.00174128, marker error: RMS=0.00651693, max=0.0130654 (L_HEEL_SUP)
Frame 33 (t=0.1375):	total squared error = 0.00171221, marker error: RMS=0.00646229, max=0.0129178 (L_HEEL_SUP)
Frame 34 (t=0.141667):	total squared error = 0.00170718, marker error: RMS=0.00645279, max=0.0128526 (L_HEEL_SUP)
Frame 35 (t=0.145833):	total squared error = 0.00168943, marker error: RMS=0.00641915, max=0.0127772 (L_HEEL_SUP)
Frame 36 (t=0.15):	total squared error = 0.00171584, marker error: RMS=0.00646914, max=0.0134868 (R_1ST_MET)
Frame 37 (t=0.154167):	total squared error = 0.00171746, marker error: RMS=0.0064722, max=0.0139662 (R_1ST_MET)
Frame 38 (t=0.158333):	total squared error = 0.00171337, marker error: RMS=0.00646447, max=0.0140786 (R_1ST_MET)
Frame 39 (t=0.1625):	total squared error = 0.00174197, marker error: RMS=0.00651822, max=0.0148671 (R_1ST_MET)
Frame 40 (t=0.166667):	total squared error = 0.00176757, marker error: RMS=0.00656593, max=0.0151192 (R_1ST_MET)
Frame 41 (t=0.170833):	total squared error = 0.00176444, marker error: RMS=0.00656011, max=0.0154457 (R_1ST_MET)
Frame 42 (t=0.175):	total squared error = 0.00176055, marker error: RMS=0.00655288, max=0.0152874 (R_1ST_MET)
Frame 43 (t=0.179167):	total squared error = 0.00175291, marker error: RMS=0.00653864, max=0.0155841 (R_1ST_MET)
Frame 44 (t=0.183333):	total squared error = 0.00176882, marker error: RMS=0.00656826, max=0.0153704 (R_1ST_MET)
Frame 45 (t=0.1875):	total squared error = 0.00176159, marker error: RMS=0.00655481, max=0.0152336 (R_1ST_MET)
Frame 46 (t=0.191667):	total squared error = 0.00175798, marker error: RMS=0.00654809, max=0.0160469 (R_1ST_MET)
Frame 47 (t=0.195833):	total squared error = 0.0017782, marker error: RMS=0.00658564, max=0.0164501 (R_1ST_MET)
Frame 48 (t=0.2):	total squared error = 0.0016237, marker error: RMS=0.00629305, max=0.0118246 (L_1ST_MET)
Frame 49 (t=0.204167):	total squared error = 0.00163873, marker error: RMS=0.00632211, max=0.012795 (R_1ST_MET)
Frame 50 (t=0.208333):	total squared error = 0.00159114, marker error: RMS=0.00622962, max=0.0118718 (L_1ST_MET)
Frame 51 (t=0.2125):	total squared error = 0.00160365, marker error: RMS=0.00625406, max=0.012423 (R_1ST_MET)
Frame 52 (t=0.216667):	total squared error = 0.0015725, marker error: RMS=0.00619304, max=0.0119261 (L_1ST_MET)
Frame 53 (t=0.220833):	total squared error = 0.00155425, marker error: RMS=0.00615698, max=0.0119134 (L_1ST_MET)
Frame 54 (t=0.225):	total squared error = 0.00156665, marker error: RMS=0.0061815, max=0.0120268 (L_1ST_MET)
Frame 55 (t=0.229167):	total squared error = 0.00153282, marker error: RMS=0.0061144, max=0.0119413 (L_1ST_MET)
Frame 56 (t=0.233333):	total squared error = 0.00151312, marker error: RMS=0.00607497, max=0.0119269 (L_1ST_MET)
Frame 57 (t=0.2375):	total squared error = 0.00151434, marker error: RMS=0.00607743, max=0.012032 (L_1ST_MET)
Frame 58 (t=0.241667):	total squared error = 0.00148586, marker error: RMS=0.00602001, max=0.0119758 (L_1ST_MET)
Frame 59 (t=0.245833):	total squared error = 0.0014772, marker error: RMS=0.00600243, max=0.0120576 (L_1ST_MET)
Frame 60 (t=0.25):	total squared error = 0.00135927, marker error: RMS=0.00575786, max=0.0120044 (L_1ST_MET)
Frame 61 (t=0.254167):	total squared error = 0.0013491, marker error: RMS=0.00573627, max=0.0120272 (L_1ST_MET)
Frame 62 (t=0.258333):	total squared error = 0.00133609, marker error: RMS=0.00570854, max=0.0120734 (L_1ST_MET)
Frame 63 (t=0.2625):	total squared error = 0.00130674, marker error: RMS=0.00564551, max=0.012032 (L_1ST_MET)
Frame 64 (t=0.266667):	total squared error = 0.00129298, marker error: RMS=0.00561571, max=0.0121083 (L_1ST_MET)
Frame 65 (t=0.270833):	total squared error = 0.00126664, marker error: RMS=0.00555821, max=0.0120561 (L_1ST_MET)
Frame 66 (t=0.275):	total squared error = 0.00125034, marker error: RMS=0.00552232, max=0.0121531 (L_1ST_MET)
Frame 67 (t=0.279167):	total squared error = 0.00121047, marker error: RMS=0.00543357, max=0.0121084 (L_1ST_MET)
Frame 68 (t=0.283333):	total squared error = 0.00119433, marker error: RMS=0.00539722, max=0.0121647 (L_1ST_MET)
Frame 69 (t=0.2875):	total squared error = 0.00117228, marker error: RMS=0.00534717, max=0.0121388 (L_1ST_MET)
Frame 70 (t=0.291667):	total squared error = 0.00116242, marker error: RMS=0.00532464, max=0.0122035 (L_1ST_MET)
Frame 71 (t=0.295833):	total squared error = 0.00113074, marker error: RMS=0.00525158, max=0.0121798 (L_1ST_MET)
Frame 72 (t=0.3):	total squared error = 0.00111491, marker error: RMS=0.00521469, max=0.0121711 (L_1ST_MET)
Frame 73 (t=0.304167):	total squared error = 0.00109322, marker error: RMS=0.0051637, max=0.0121501 (L_1ST_MET)
Frame 74 (t=0.308333):	total squared error = 0.00108695, marker error: RMS=0.00514888, max=0.0120679 (L_1ST_MET)
Frame 75 (t=0.3125):	total squared error = 0.00108784, marker error: RMS=0.00515099, max=0.0121614 (L_1ST_MET)
Frame 76 (t=0.316667):	total squared error = 0.00109371, marker error: RMS=0.00516487, max=0.0120752 (L_1ST_MET)
Frame 77 (t=0.320833):	total squared error = 0.00107388, marker error: RMS=0.00511783, max=0.0121602 (L_1ST_MET)
Frame 78 (t=0.325):	total squared error = 0.00107938, marker error: RMS=0.00513093, max=0.0120726 (L_1ST_MET)
Frame 79 (t=0.329167):	total squared error = 0.00111061, marker error: RMS=0.00520461, max=0.0121929 (L_1ST_MET)
Frame 80 (t=0.333333):	total squared error = 0.00112806, marker error: RMS=0.00524534, max=0.0120876 (L_1ST_MET)
Frame 81 (t=0.3375):	total squared error = 0.0011142, marker error: RMS=0.00521302, max=0.012088 (L_1ST_MET)
Frame 82 (t=0.341667):	total squared error = 0.00113185, marker error: RMS=0.00525416, max=0.0120165 (L_1ST_MET)
Frame 83 (t=0.345833):	total squared error = 0.00115243, marker error: RMS=0.0053017, max=0.0120691 (L_1ST_MET)
Frame 84 (t=0.35):	total squared error = 0.00118223, marker error: RMS=0.00536982, max=0.0120697 (L_1ST_MET)
Frame 85 (t=0.354167):	total squared error = 0.00121446, marker error: RMS=0.00544252, max=0.0120691 (L_1ST_MET)
Frame 86 (t=0.358333):	total squared error = 0.001249, marker error: RMS=0.00551936, max=0.0120207 (L_1ST_MET)
Frame 87 (t=0.3625):	total squared error = 0.0012718, marker error: RMS=0.00556953, max=0.0120681 (L_1ST_MET)
Frame 88 (t=0.366667):	total squared error = 0.0012963, marker error: RMS=0.0056229, max=0.011982 (L_1ST_MET)
Frame 89 (t=0.370833):	total squared error = 0.00132999, marker error: RMS=0.00569551, max=0.0119836 (L_1ST_MET)
Frame 90 (t=0.375):	total squared error = 0.00136373, marker error: RMS=0.00576729, max=0.0119798 (L_1ST_MET)
Frame 91 (t=0.379167):	total squared error = 0.00139908, marker error: RMS=0.00584156, max=0.0119785 (L_1ST_MET)
Frame 92 (t=0.383333):	total squared error = 0.00143257, marker error: RMS=0.00591108, max=0.0119707 (L_1ST_MET)
Frame 93 (t=0.3875):	total squared error = 0.00144368, marker error: RMS=0.00593395, max=0.0120106 (L_1ST_MET)
Frame 94 (t=0.391667):	total squared error = 0.00146848, marker error: RMS=0.0059847, max=0.0119726 (L_5TH_MET)
Frame 95 (t=0.395833):	total squared error = 0.00149485, marker error: RMS=0.00603818, max=0.0120366 (L_5TH_MET)
Frame 96 (t=0.4):	total squared error = 0.00152131, marker error: RMS=0.00609139, max=0.0120894 (L_5TH_MET)
Frame 97 (t=0.404167):	total squared error = 0.00154418, marker error: RMS=0.00613702, max=0.012132 (L_5TH_MET)
Frame 98 (t=0.408333):	total squared error = 0.00156495, marker error: RMS=0.00617814, max=0.0121824 (L_5TH_MET)
Frame 99 (t=0.4125):	total squared error = 0.00158439, marker error: RMS=0.0062164, max=0.0122129 (L_5TH_MET)
Frame 100 (t=0.416667):	total squared error = 0.00160057, marker error: RMS=0.00624807, max=0.0122247 (L_5TH_MET)
Frame 101 (t=0.420833):	total squared error = 0.00157587, marker error: RMS=0.00619966, max=0.0120635 (L_1ST_MET)
Frame 102 (t=0.425):	total squared error = 0.00158063, marker error: RMS=0.00620902, max=0.012092 (L_5TH_MET)
Frame 103 (t=0.429167):	total squared error = 0.00158581, marker error: RMS=0.00621919, max=0.0122973 (L_5TH_MET)
Frame 104 (t=0.433333):	total squared error = 0.00158788, marker error: RMS=0.00622324, max=0.012248 (L_5TH_MET)
Frame 105 (t=0.4375):	total squared error = 0.00158353, marker error: RMS=0.00621472, max=0.0122411 (L_5TH_MET)
Frame 106 (t=0.441667):	total squared error = 0.00157117, marker error: RMS=0.00619041, max=0.0121126 (L_1ST_MET)
Frame 107 (t=0.445833):	total squared error = 0.00156269, marker error: RMS=0.00617368, max=0.0122545 (L_5TH_MET)
Frame 108 (t=0.45):	total squared error = 0.00155289, marker error: RMS=0.00615431, max=0.012213 (L_5TH_MET)
Frame 109 (t=0.454167):	total squared error = 0.00152729, marker error: RMS=0.00610335, max=0.0120997 (L_1ST_MET)
Frame 110 (t=0.458333):	total squared error = 0.00150673, marker error: RMS=0.00606214, max=0.0120871 (L_1ST_MET)
Frame 111 (t=0.4625):	total squared error = 0.00147428, marker error: RMS=0.0059965, max=0.0120633 (L_5TH_MET)
Frame 112 (t=0.466667):	total squared error = 0.00145868, marker error: RMS=0.00596469, max=0.0120469 (L_1ST_MET)
Frame 113 (t=0.470833):	total squared error = 0.00143848, marker error: RMS=0.00592325, max=0.0120342 (L_1ST_MET)
Frame 114 (t=0.475):	total squared error = 0.00141936, marker error: RMS=0.00588375, max=0.0120281 (L_1ST_MET)
Frame 115 (t=0.479167):	total squared error = 0.00140367, marker error: RMS=0.00585115, max=0.0120221 (L_1ST_MET)
Frame 116 (t=0.483333):	total squared error = 0.00138822, marker error: RMS=0.00581885, max=0.0120718 (L_1ST_MET)
Frame 117 (t=0.4875):	total squared error = 0.00137844, marker error: RMS=0.00579832, max=0.0120628 (L_1ST_MET)
Frame 118 (t=0.491667):	total squared error = 0.00136298, marker error: RMS=0.00576572, max=0.0120267 (L_1ST_MET)
Frame 119 (t=0.495833):	total squared error = 0.00136201, marker error: RMS=0.00576366, max=0.011958 (L_1ST_MET)
Frame 120 (t=0.5):	total squared error = 0.00136526, marker error: RMS=0.00577053, max=0.0120202 (L_1ST_MET)
Frame 121 (t=0.504167):	total squared error = 0.00136867, marker error: RMS=0.00577772, max=0.0119617 (L_1ST_MET)
Frame 122 (t=0.508333):	total squared error = 0.0013819, marker error: RMS=0.00580559, max=0.0119803 (L_1ST_MET)
Frame 123 (t=0.5125):	total squared error = 0.00139883, marker error: RMS=0.00584104, max=0.0120326 (L_1ST_MET)
Frame 124 (t=0.516667):	total squared error = 0.00141804, marker error: RMS=0.00588101, max=0.0120217 (L_1ST_MET)
Frame 125 (t=0.520833):	total squared error = 0.00143848, marker error: RMS=0.00592325, max=0.0119769 (L_1ST_MET)
Frame 126 (t=0.525):	total squared error = 0.00146637, marker error: RMS=0.0059804, max=0.0119324 (L_1ST_MET)
Frame 127 (t=0.529167):	total squared error = 0.00150399, marker error: RMS=0.00605663, max=0.0120098 (L_1ST_MET)
Frame 128 (t=0.533333):	total squared error = 0.0015315, marker error: RMS=0.00611177, max=0.0119214 (L_1ST_MET)
Frame 129 (t=0.5375):	total squared error = 0.00156698, marker error: RMS=0.00618215, max=0.0119188 (L_1ST_MET)
Frame 130 (t=0.541667):	total squared error = 0.00159995, marker error: RMS=0.00624684, max=0.0119399 (L_1ST_MET)
Frame 131 (t=0.545833):	total squared error = 0.00162627, marker error: RMS=0.00629802, max=0.0118215 (L_1ST_MET)
Frame 132 (t=0.55):	total squared error = 0.00167497, marker error: RMS=0.00639164, max=0.0118532 (L_1ST_MET)
Frame 133 (t=0.554167):	total squared error = 0.00172161, marker error: RMS=0.00648, max=0.0118851 (L_1ST_MET)
Frame 134 (t=0.558333):	total squared error = 0.00174959, marker error: RMS=0.00653245, max=0.0118818 (L_1ST_MET)
Frame 135 (t=0.5625):	total squared error = 0.00178387, marker error: RMS=0.00659613, max=0.0119965 (R_HEEL_LAT)
Frame 136 (t=0.566667):	total squared error = 0.00181562, marker error: RMS=0.00665457, max=0.0122375 (R_HEEL_LAT)
Frame 137 (t=0.570833):	total squared error = 0.00181413, marker error: RMS=0.00665184, max=0.0122428 (R_HEEL_LAT)
Frame 138 (t=0.575):	total squared error = 0.00182032, marker error: RMS=0.00666318, max=0.0122725 (R_HEEL_LAT)
Frame 139 (t=0.579167):	total squared error = 0.001805, marker error: RMS=0.00663508, max=0.0121163 (R_HEEL_LAT)
Frame 140 (t=0.583333):	total squared error = 0.00179629, marker error: RMS=0.00661906, max=0.0118879 (R_HEEL_LAT)
Frame 141 (t=0.5875):	total squared error = 0.00177387, marker error: RMS=0.00657762, max=0.011814 (L_1ST_MET)
Frame 142 (t=0.591667):	total squared error = 0.00174513, marker error: RMS=0.00652412, max=0.0117866 (L_1ST_MET)
Frame 143 (t=0.595833):	total squared error = 0.00171648, marker error: RMS=0.00647034, max=0.0117838 (L_1ST_MET)
Frame 144 (t=0.6):	total squared error = 0.00168199, marker error: RMS=0.006405, max=0.0117926 (L_1ST_MET)
Frame 145 (t=0.604167):	total squared error = 0.00163241, marker error: RMS=0.0063099, max=0.0117111 (L_1ST_MET)
Frame 146 (t=0.608333):	total squared error = 0.00159889, marker error: RMS=0.00624479, max=0.0117992 (L_HEEL_MED)
Frame 147 (t=0.6125):	total squared error = 0.00155097, marker error: RMS=0.00615049, max=0.0117856 (L_HEEL_MED)
Frame 148 (t=0.616667):	total squared error = 0.00151744, marker error: RMS=0.00608364, max=0.011918 (L_HEEL_MED)
Frame 149 (t=0.620833):	total squared error = 0.00149695, marker error: RMS=0.00604244, max=0.0118603 (L_HEEL_MED)
Frame 150 (t=0.625):	total squared error = 0.00144994, marker error: RMS=0.0059468, max=0.0119391 (L_HEEL_MED)
Frame 151 (t=0.629167):	total squared error = 0.00145205, marker error: RMS=0.00595112, max=0.0120758 (L_HEEL_MED)
Frame 152 (t=0.633333):	total squared error = 0.00144964, marker error: RMS=0.00594618, max=0.0120518 (L_HEEL_MED)
Frame 153 (t=0.6375):	total squared error = 0.00142278, marker error: RMS=0.00589084, max=0.0120237 (L_HEEL_MED)
Frame 154 (t=0.641667):	total squared error = 0.00142038, marker error: RMS=0.00588586, max=0.0121144 (L_HEEL_MED)
Frame 155 (t=0.645833):	total squared error = 0.00144541, marker error: RMS=0.00593751, max=0.0121831 (L_HEEL_MED)
Frame 156 (t=0.65):	total squared error = 0.00144408, marker error: RMS=0.00593477, max=0.0122873 (L_HEEL_MED)
Frame 157 (t=0.654167):	total squared error = 0.00145146, marker error: RMS=0.00594991, max=0.0122824 (L_HEEL_MED)
Frame 158 (t=0.658333):	total squared error = 0.00141301, marker error: RMS=0.00587058, max=0.0123165 (L_HEEL_MED)
Frame 159 (t=0.6625):	total squared error = 0.00142683, marker error: RMS=0.00589922, max=0.0126273 (L_HEEL_SUP)
Frame 160 (t=0.666667):	total squared error = 0.00145598, marker error: RMS=0.00595917, max=0.0128409 (L_HEEL_SUP)
