Constructing tool from setup file C:\Users\Mark\Documents\AutoPlaceGit\opensim-marker-place-toolbox\AbleBodied_Dataset\S10\IKSetup\S10_PSF_T03_IK_Settings.xml.

Loaded model SF_S10_Scaled from file C:\Users\Mark\Documents\AutoPlaceGit\opensim-marker-place-toolbox\AbleBodied_Dataset\S10\Models\AutoPlaced\autoPlaceWorker.osim
               MODEL: SF_S10_Scaled
         coordinates: 23
              forces: 92
           actuators: 92
             muscles: 92
            analyses: 0
       Loaded model SF_S10_Scaled from file C:\Users\Mark\Documents\AutoPlaceGit\opensim-marker-place-toolbox\AbleBodied_Dataset\S10\Models\AutoPlaced\autoPlaceWorker.osim
: 0
misc modelcomponents: 0
Running tool .
Loaded marker file C:\Users\Mark\Documents\AutoPlaceGit\opensim-marker-place-toolbox\AbleBodied_Dataset\S10\MarkerData\PREF\S10_PSF_T03.trc (51 markers, 440 frames)
Frame 0 (t=0.558):	total squared error = 0.00372536, marker error: RMS=0.00909867, max=0.0201192 (R.Iliac.Crest)
Frame 1 (t=0.562167):	total squared error = 0.0036133, marker error: RMS=0.00896078, max=0.019613 (R.Iliac.Crest)
Frame 2 (t=0.566333):	total squared error = 0.00348296, marker error: RMS=0.00879767, max=0.0189836 (R.Iliac.Crest)
Frame 3 (t=0.5705):	total squared error = 0.00334758, marker error: RMS=0.008625, max=0.0182485 (R.Iliac.Crest)
Frame 4 (t=0.574667):	total squared error = 0.00321396, marker error: RMS=0.00845112, max=0.0175136 (R.Iliac.Crest)
Frame 5 (t=0.578833):	total squared error = 0.0030805, marker error: RMS=0.00827378, max=0.016775 (R.Iliac.Crest)
Frame 6 (t=0.583):	total squared error = 0.00295524, marker error: RMS=0.00810382, max=0.0160574 (R.Iliac.Crest)
Frame 7 (t=0.587167):	total squared error = 0.00283598, marker error: RMS=0.00793862, max=0.0153826 (Sternum)
Frame 8 (t=0.591333):	total squared error = 0.00272553, marker error: RMS=0.0077825, max=0.0154687 (Sternum)
Frame 9 (t=0.5955):	total squared error = 0.00262786, marker error: RMS=0.00764179, max=0.0155717 (Sternum)
Frame 10 (t=0.599667):	total squared error = 0.00253349, marker error: RMS=0.00750332, max=0.0156567 (Sternum)
Frame 11 (t=0.603833):	total squared error = 0.0024613, marker error: RMS=0.00739564, max=0.0157253 (Sternum)
Frame 12 (t=0.608):	total squared error = 0.00239515, marker error: RMS=0.00729559, max=0.0157987 (Sternum)
Frame 13 (t=0.612167):	total squared error = 0.00233092, marker error: RMS=0.00719709, max=0.0157672 (Sternum)
Frame 14 (t=0.616333):	total squared error = 0.00227085, marker error: RMS=0.00710375, max=0.015695 (Sternum)
Frame 15 (t=0.6205):	total squared error = 0.00222952, marker error: RMS=0.00703881, max=0.0157077 (Sternum)
Frame 16 (t=0.624667):	total squared error = 0.00218806, marker error: RMS=0.00697306, max=0.0157237 (Sternum)
Frame 17 (t=0.628833):	total squared error = 0.0021503, marker error: RMS=0.00691263, max=0.0155987 (Sternum)
Frame 18 (t=0.633):	total squared error = 0.00212803, marker error: RMS=0.00687674, max=0.015357 (Sternum)
Frame 19 (t=0.637167):	total squared error = 0.00206176, marker error: RMS=0.00676881, max=0.0151744 (Sternum)
Frame 20 (t=0.641333):	total squared error = 0.00202513, marker error: RMS=0.00670842, max=0.0149351 (Sternum)
Frame 21 (t=0.6455):	total squared error = 0.00199564, marker error: RMS=0.0066594, max=0.0146927 (Sternum)
Frame 22 (t=0.649667):	total squared error = 0.00196642, marker error: RMS=0.00661046, max=0.0144125 (Sternum)
Frame 23 (t=0.653833):	total squared error = 0.00194195, marker error: RMS=0.0065692, max=0.0140766 (Sternum)
Frame 24 (t=0.658):	total squared error = 0.00191608, marker error: RMS=0.00652531, max=0.0137787 (Sternum)
Frame 25 (t=0.662167):	total squared error = 0.00187616, marker error: RMS=0.00645698, max=0.013423 (Sternum)
Frame 26 (t=0.666333):	total squared error = 0.00186004, marker error: RMS=0.00642916, max=0.0131198 (Sternum)
Frame 27 (t=0.6705):	total squared error = 0.00185031, marker error: RMS=0.00641234, max=0.0126889 (Sternum)
Frame 28 (t=0.674667):	total squared error = 0.00185481, marker error: RMS=0.00642012, max=0.0122648 (Sternum)
Frame 29 (t=0.678833):	total squared error = 0.00184531, marker error: RMS=0.00640367, max=0.0119347 (Sternum)
Frame 30 (t=0.683):	total squared error = 0.00185246, marker error: RMS=0.00641605, max=0.0120361 (L.Toe.Tip)
Frame 31 (t=0.687167):	total squared error = 0.00186884, marker error: RMS=0.00644436, max=0.0129607 (L.Toe.Tip)
Frame 32 (t=0.691333):	total squared error = 0.00189101, marker error: RMS=0.00648247, max=0.0137909 (L.Toe.Tip)
Frame 33 (t=0.6955):	total squared error = 0.00190483, marker error: RMS=0.00650612, max=0.0141962 (L.Toe.Tip)
Frame 34 (t=0.699667):	total squared error = 0.00192631, marker error: RMS=0.00654269, max=0.014717 (L.Toe.Tip)
Frame 35 (t=0.703833):	total squared error = 0.00194456, marker error: RMS=0.00657362, max=0.0150732 (L.Toe.Tip)
Frame 36 (t=0.708):	total squared error = 0.00196395, marker error: RMS=0.00660631, max=0.0152951 (L.Toe.Tip)
Frame 37 (t=0.712167):	total squared error = 0.00198277, marker error: RMS=0.00663789, max=0.0153693 (L.Toe.Tip)
Frame 38 (t=0.716333):	total squared error = 0.00199354, marker error: RMS=0.00665589, max=0.0152339 (L.Toe.Tip)
Frame 39 (t=0.7205):	total squared error = 0.00201173, marker error: RMS=0.00668619, max=0.015004 (L.Toe.Tip)
Frame 40 (t=0.724667):	total squared error = 0.00202208, marker error: RMS=0.00670337, max=0.0145805 (L.Toe.Tip)
Frame 41 (t=0.728833):	total squared error = 0.00204018, marker error: RMS=0.0067333, max=0.0141305 (L.Toe.Tip)
Frame 42 (t=0.733):	total squared error = 0.00205866, marker error: RMS=0.00676373, max=0.0135299 (L.Toe.Tip)
Frame 43 (t=0.737167):	total squared error = 0.00208722, marker error: RMS=0.00681049, max=0.0129629 (L.Toe.Tip)
Frame 44 (t=0.741333):	total squared error = 0.0021046, marker error: RMS=0.00683877, max=0.0119141 (L.Toe.Tip)
Frame 45 (t=0.7455):	total squared error = 0.00213895, marker error: RMS=0.00689436, max=0.0116222 (L.Iliac.Crest)
Frame 46 (t=0.749667):	total squared error = 0.00218466, marker error: RMS=0.00696764, max=0.0117459 (L.Iliac.Crest)
Frame 47 (t=0.753833):	total squared error = 0.00223145, marker error: RMS=0.00704186, max=0.0119607 (L.Iliac.Crest)
Frame 48 (t=0.758):	total squared error = 0.00227447, marker error: RMS=0.00710942, max=0.012088 (L.Iliac.Crest)
Frame 49 (t=0.762167):	total squared error = 0.0023251, marker error: RMS=0.0071881, max=0.0122065 (L.Iliac.Crest)
Frame 50 (t=0.766333):	total squared error = 0.00238517, marker error: RMS=0.00728037, max=0.0123294 (L.Iliac.Crest)
Frame 51 (t=0.7705):	total squared error = 0.00244434, marker error: RMS=0.00737012, max=0.0123992 (L.Iliac.Crest)
Frame 52 (t=0.774667):	total squared error = 0.00250968, marker error: RMS=0.00746797, max=0.0126518 (L.Thigh.Lower.Post)
Frame 53 (t=0.778833):	total squared error = 0.00256124, marker error: RMS=0.0075443, max=0.0129928 (L.Thigh.Lower.Post)
Frame 54 (t=0.783):	total squared error = 0.0026128, marker error: RMS=0.00761986, max=0.0133483 (L.Thigh.Lower.Post)
Frame 55 (t=0.787167):	total squared error = 0.00264954, marker error: RMS=0.00767324, max=0.0137065 (L.Thigh.Lower.Post)
Frame 56 (t=0.791333):	total squared error = 0.00268952, marker error: RMS=0.00773092, max=0.0140429 (L.Thigh.Lower.Post)
Frame 57 (t=0.7955):	total squared error = 0.00272695, marker error: RMS=0.00778452, max=0.0143356 (L.Thigh.Lower.Post)
Frame 58 (t=0.799667):	total squared error = 0.00275945, marker error: RMS=0.00783078, max=0.0146295 (L.Thigh.Lower.Post)
Frame 59 (t=0.803833):	total squared error = 0.00278922, marker error: RMS=0.00787291, max=0.0148714 (L.Thigh.Lower.Post)
Frame 60 (t=0.808):	total squared error = 0.00281073, marker error: RMS=0.0079032, max=0.0150968 (L.Thigh.Lower.Post)
Frame 61 (t=0.812167):	total squared error = 0.00282796, marker error: RMS=0.00792739, max=0.0152493 (L.Thigh.Lower.Post)
Frame 62 (t=0.816333):	total squared error = 0.00283871, marker error: RMS=0.00794245, max=0.0153838 (L.Thigh.Lower.Post)
Frame 63 (t=0.8205):	total squared error = 0.00285096, marker error: RMS=0.00795956, max=0.0154625 (L.Thigh.Lower.Post)
Frame 64 (t=0.824667):	total squared error = 0.00285551, marker error: RMS=0.00796591, max=0.0155032 (L.Thigh.Lower.Post)
Frame 65 (t=0.828833):	total squared error = 0.00285366, marker error: RMS=0.00796333, max=0.0155126 (L.Thigh.Lower.Post)
Frame 66 (t=0.833):	total squared error = 0.00285237, marker error: RMS=0.00796153, max=0.0154806 (L.Thigh.Lower.Post)
Frame 67 (t=0.837167):	total squared error = 0.0028479, marker error: RMS=0.00795529, max=0.0153831 (L.Thigh.Lower.Post)
Frame 68 (t=0.841333):	total squared error = 0.00283939, marker error: RMS=0.0079434, max=0.0152731 (L.Thigh.Lower.Post)
Frame 69 (t=0.8455):	total squared error = 0.00282316, marker error: RMS=0.00792066, max=0.0151555 (L.Thigh.Lower.Post)
Frame 70 (t=0.849667):	total squared error = 0.00281074, marker error: RMS=0.00790321, max=0.0149975 (L.Thigh.Lower.Post)
Frame 71 (t=0.853833):	total squared error = 0.00279492, marker error: RMS=0.00788094, max=0.0148343 (L.Thigh.Lower.Post)
Frame 72 (t=0.858):	total squared error = 0.00278006, marker error: RMS=0.00785997, max=0.0146693 (L.Thigh.Lower.Post)
Frame 73 (t=0.862167):	total squared error = 0.00276227, marker error: RMS=0.00783479, max=0.0147371 (L.Shank.Upper.Post)
Frame 74 (t=0.866333):	total squared error = 0.00274292, marker error: RMS=0.0078073, max=0.0148434 (L.Shank.Upper.Post)
Frame 75 (t=0.8705):	total squared error = 0.00272774, marker error: RMS=0.00778565, max=0.0149346 (L.Shank.Upper.Post)
Frame 76 (t=0.874667):	total squared error = 0.00270905, marker error: RMS=0.00775893, max=0.0149948 (L.Shank.Upper.Post)
Frame 77 (t=0.878833):	total squared error = 0.00269293, marker error: RMS=0.00773582, max=0.0150381 (L.Shank.Upper.Post)
Frame 78 (t=0.883):	total squared error = 0.00267948, marker error: RMS=0.00771648, max=0.0150368 (L.Shank.Upper.Post)
Frame 79 (t=0.887167):	total squared error = 0.00266399, marker error: RMS=0.00769414, max=0.0150337 (L.Shank.Upper.Post)
Frame 80 (t=0.891333):	total squared error = 0.00264868, marker error: RMS=0.007672, max=0.0149918 (L.Shank.Upper.Post)
Frame 81 (t=0.8955):	total squared error = 0.00263432, marker error: RMS=0.00765117, max=0.0149249 (L.Shank.Upper.Post)
Frame 82 (t=0.899667):	total squared error = 0.00262167, marker error: RMS=0.00763279, max=0.0148382 (L.Shank.Upper.Post)
Frame 83 (t=0.903833):	total squared error = 0.00261059, marker error: RMS=0.00761663, max=0.0147123 (L.Shank.Upper.Post)
Frame 84 (t=0.908):	total squared error = 0.00260077, marker error: RMS=0.0076023, max=0.014669 (R.ASIS)
Frame 85 (t=0.912167):	total squared error = 0.00258882, marker error: RMS=0.0075848, max=0.0149766 (R.ASIS)
Frame 86 (t=0.916333):	total squared error = 0.00258087, marker error: RMS=0.00757315, max=0.0152329 (R.ASIS)
Frame 87 (t=0.9205):	total squared error = 0.00256995, marker error: RMS=0.00755712, max=0.0154521 (R.ASIS)
Frame 88 (t=0.924667):	total squared error = 0.00256083, marker error: RMS=0.0075437, max=0.0157144 (R.ASIS)
Frame 89 (t=0.928833):	total squared error = 0.00255079, marker error: RMS=0.00752889, max=0.0158873 (R.ASIS)
Frame 90 (t=0.933):	total squared error = 0.00254244, marker error: RMS=0.00751656, max=0.0161935 (R.ASIS)
Frame 91 (t=0.937167):	total squared error = 0.0025347, marker error: RMS=0.00750511, max=0.0163996 (R.ASIS)
Frame 92 (t=0.941333):	total squared error = 0.00253075, marker error: RMS=0.00749926, max=0.0166889 (R.ASIS)
Frame 93 (t=0.9455):	total squared error = 0.00252264, marker error: RMS=0.00748723, max=0.0169217 (R.ASIS)
Frame 94 (t=0.949667):	total squared error = 0.00252071, marker error: RMS=0.00748437, max=0.0173049 (R.ASIS)
Frame 95 (t=0.953833):	total squared error = 0.00251595, marker error: RMS=0.00747731, max=0.0174866 (R.ASIS)
Frame 96 (t=0.958):	total squared error = 0.00251475, marker error: RMS=0.00747552, max=0.0178254 (R.ASIS)
Frame 97 (t=0.962167):	total squared error = 0.00251484, marker error: RMS=0.00747565, max=0.0180838 (R.ASIS)
Frame 98 (t=0.966333):	total squared error = 0.00251691, marker error: RMS=0.00747872, max=0.0183956 (R.ASIS)
Frame 99 (t=0.9705):	total squared error = 0.00252347, marker error: RMS=0.00748846, max=0.0185848 (R.ASIS)
Frame 100 (t=0.974667):	total squared error = 0.00252257, marker error: RMS=0.00748713, max=0.0189222 (R.ASIS)
Frame 101 (t=0.978833):	total squared error = 0.00253437, marker error: RMS=0.00750462, max=0.0191473 (R.ASIS)
Frame 102 (t=0.983):	total squared error = 0.00254654, marker error: RMS=0.00752262, max=0.0194766 (R.ASIS)
Frame 103 (t=0.987167):	total squared error = 0.00255848, marker error: RMS=0.00754024, max=0.0197653 (R.ASIS)
Frame 104 (t=0.991333):	total squared error = 0.00257085, marker error: RMS=0.00755843, max=0.0200573 (R.ASIS)
Frame 105 (t=0.9955):	total squared error = 0.0025931, marker error: RMS=0.00759107, max=0.0203555 (R.ASIS)
Frame 106 (t=0.999667):	total squared error = 0.00261422, marker error: RMS=0.00762192, max=0.0206451 (R.ASIS)
Frame 107 (t=1.00383):	total squared error = 0.00263737, marker error: RMS=0.0076556, max=0.0209163 (R.ASIS)
Frame 108 (t=1.008):	total squared error = 0.00266607, marker error: RMS=0.00769714, max=0.021239 (R.ASIS)
Frame 109 (t=1.01217):	total squared error = 0.00269728, marker error: RMS=0.00774206, max=0.0215326 (R.ASIS)
Frame 110 (t=1.01633):	total squared error = 0.00272954, marker error: RMS=0.00778823, max=0.0217819 (R.ASIS)
Frame 111 (t=1.0205):	total squared error = 0.00276538, marker error: RMS=0.00783919, max=0.0221009 (R.ASIS)
Frame 112 (t=1.02467):	total squared error = 0.00280961, marker error: RMS=0.00790163, max=0.0223761 (R.ASIS)
Frame 113 (t=1.02883):	total squared error = 0.00285344, marker error: RMS=0.00796302, max=0.0227162 (R.ASIS)
Frame 114 (t=1.033):	total squared error = 0.0029071, marker error: RMS=0.00803755, max=0.0229976 (R.ASIS)
Frame 115 (t=1.03717):	total squared error = 0.00296463, marker error: RMS=0.00811669, max=0.0233096 (R.ASIS)
Frame 116 (t=1.04133):	total squared error = 0.00302831, marker error: RMS=0.0082034, max=0.0236303 (R.ASIS)
Frame 117 (t=1.0455):	total squared error = 0.00310074, marker error: RMS=0.00830092, max=0.0239178 (R.ASIS)
Frame 118 (t=1.04967):	total squared error = 0.00318324, marker error: RMS=0.00841063, max=0.0242202 (R.ASIS)
Frame 119 (t=1.05383):	total squared error = 0.00326894, marker error: RMS=0.0085231, max=0.0245222 (R.ASIS)
Frame 120 (t=1.058):	total squared error = 0.00336386, marker error: RMS=0.00864595, max=0.0248121 (R.ASIS)
Frame 121 (t=1.06217):	total squared error = 0.00346705, marker error: RMS=0.00877755, max=0.0250783 (R.ASIS)
Frame 122 (t=1.06633):	total squared error = 0.00357756, marker error: RMS=0.00891635, max=0.0253664 (R.ASIS)
Frame 123 (t=1.0705):	total squared error = 0.00368514, marker error: RMS=0.00904942, max=0.0256355 (R.ASIS)
Frame 124 (t=1.07467):	total squared error = 0.0038004, marker error: RMS=0.00918985, max=0.0258993 (R.ASIS)
Frame 125 (t=1.07883):	total squared error = 0.00391361, marker error: RMS=0.00932573, max=0.0261201 (R.ASIS)
Frame 126 (t=1.083):	total squared error = 0.00401763, marker error: RMS=0.00944885, max=0.0263479 (R.ASIS)
Frame 127 (t=1.08717):	total squared error = 0.00412389, marker error: RMS=0.00957299, max=0.0265642 (R.ASIS)
Frame 128 (t=1.09133):	total squared error = 0.00422029, marker error: RMS=0.00968422, max=0.0267524 (R.ASIS)
Frame 129 (t=1.0955):	total squared error = 0.00429713, marker error: RMS=0.00977198, max=0.0269218 (R.ASIS)
Frame 130 (t=1.09967):	total squared error = 0.00436739, marker error: RMS=0.00985156, max=0.0270617 (R.ASIS)
Frame 131 (t=1.10383):	total squared error = 0.00441697, marker error: RMS=0.00990732, max=0.0271896 (R.ASIS)
Frame 132 (t=1.108):	total squared error = 0.00444821, marker error: RMS=0.00994229, max=0.0272803 (R.ASIS)
Frame 133 (t=1.11217):	total squared error = 0.00445673, marker error: RMS=0.00995181, max=0.02739 (R.ASIS)
Frame 134 (t=1.11633):	total squared error = 0.00444093, marker error: RMS=0.00993416, max=0.0274503 (R.ASIS)
Frame 135 (t=1.1205):	total squared error = 0.00440447, marker error: RMS=0.00989329, max=0.0274825 (R.ASIS)
Frame 136 (t=1.12467):	total squared error = 0.00434749, marker error: RMS=0.00982909, max=0.0274961 (R.ASIS)
Frame 137 (t=1.12883):	total squared error = 0.00426926, marker error: RMS=0.00974025, max=0.0274665 (R.ASIS)
Frame 138 (t=1.133):	total squared error = 0.00417435, marker error: RMS=0.00963138, max=0.0274092 (R.ASIS)
Frame 139 (t=1.13717):	total squared error = 0.00406748, marker error: RMS=0.00950729, max=0.0273619 (R.ASIS)
Frame 140 (t=1.14133):	total squared error = 0.00395207, marker error: RMS=0.00937143, max=0.0272445 (R.ASIS)
Frame 141 (t=1.1455):	total squared error = 0.00382982, marker error: RMS=0.00922535, max=0.0270779 (R.ASIS)
Frame 142 (t=1.14967):	total squared error = 0.00370317, marker error: RMS=0.00907153, max=0.0269143 (R.ASIS)
Frame 143 (t=1.15383):	total squared error = 0.0035811, marker error: RMS=0.00892076, max=0.0266851 (R.ASIS)
Frame 144 (t=1.158):	total squared error = 0.00346686, marker error: RMS=0.00877732, max=0.0264251 (R.ASIS)
Frame 145 (t=1.16217):	total squared error = 0.0033589, marker error: RMS=0.00863958, max=0.0261164 (R.ASIS)
Frame 146 (t=1.16633):	total squared error = 0.0032602, marker error: RMS=0.00851169, max=0.0257758 (R.ASIS)
Frame 147 (t=1.1705):	total squared error = 0.00317251, marker error: RMS=0.00839644, max=0.0254007 (R.ASIS)
Frame 148 (t=1.17467):	total squared error = 0.0030937, marker error: RMS=0.0082915, max=0.0249862 (R.ASIS)
Frame 149 (t=1.17883):	total squared error = 0.00301, marker error: RMS=0.00817856, max=0.0245966 (R.ASIS)
Frame 150 (t=1.183):	total squared error = 0.00295675, marker error: RMS=0.0081059, max=0.0240734 (R.ASIS)
Frame 151 (t=1.18717):	total squared error = 0.00290879, marker error: RMS=0.00803988, max=0.0235751 (R.ASIS)
Frame 152 (t=1.19133):	total squared error = 0.00287128, marker error: RMS=0.00798788, max=0.0230543 (R.ASIS)
Frame 153 (t=1.1955):	total squared error = 0.00284882, marker error: RMS=0.00795658, max=0.0225003 (R.ASIS)
Frame 154 (t=1.19967):	total squared error = 0.00280798, marker error: RMS=0.00789934, max=0.0219866 (R.ASIS)
Frame 155 (t=1.20383):	total squared error = 0.00279045, marker error: RMS=0.00787465, max=0.0213821 (R.ASIS)
Frame 156 (t=1.208):	total squared error = 0.00277913, marker error: RMS=0.00785865, max=0.0207787 (R.ASIS)
Frame 157 (t=1.21217):	total squared error = 0.00276858, marker error: RMS=0.00784373, max=0.0201731 (R.ASIS)
Frame 158 (t=1.21633):	total squared error = 0.00275917, marker error: RMS=0.00783039, max=0.0195422 (R.ASIS)
Frame 159 (t=1.2205):	total squared error = 0.00272224, marker error: RMS=0.0077778, max=0.0189758 (R.ASIS)
Frame 160 (t=1.22467):	total squared error = 0.00270563, marker error: RMS=0.00775405, max=0.0183261 (R.ASIS)
Frame 161 (t=1.22883):	total squared error = 0.00268798, marker error: RMS=0.00772871, max=0.0176911 (R.ASIS)
Frame 162 (t=1.233):	total squared error = 0.002649, marker error: RMS=0.00767246, max=0.0170442 (R.ASIS)
Frame 163 (t=1.23717):	total squared error = 0.00261635, marker error: RMS=0.00762504, max=0.0165511 (Sternum)
Frame 164 (t=1.24133):	total squared error = 0.00257641, marker error: RMS=0.00756661, max=0.016262 (Sternum)
Frame 165 (t=1.2455):	total squared error = 0.0025296, marker error: RMS=0.00749755, max=0.0160093 (Sternum)
Frame 166 (t=1.24967):	total squared error = 0.00247662, marker error: RMS=0.00741863, max=0.0157432 (Sternum)
Frame 167 (t=1.25383):	total squared error = 0.00241486, marker error: RMS=0.00732554, max=0.0153249 (Sternum)
Frame 168 (t=1.258):	total squared error = 0.002331, marker error: RMS=0.00719722, max=0.0150553 (Sternum)
Frame 169 (t=1.26217):	total squared error = 0.00226056, marker error: RMS=0.00708764, max=0.0146501 (Sternum)
Frame 170 (t=1.26633):	total squared error = 0.0021791, marker error: RMS=0.00695876, max=0.0142383 (Sternum)
Frame 171 (t=1.2705):	total squared error = 0.00210005, marker error: RMS=0.00683139, max=0.0137964 (Sternum)
Frame 172 (t=1.27467):	total squared error = 0.00202281, marker error: RMS=0.00670458, max=0.0134059 (Sternum)
Frame 173 (t=1.27883):	total squared error = 0.00193948, marker error: RMS=0.00656503, max=0.0130139 (Sternum)
Frame 174 (t=1.283):	total squared error = 0.00187463, marker error: RMS=0.00645434, max=0.0127749 (R.Iliac.Crest)
Frame 175 (t=1.28717):	total squared error = 0.00180384, marker error: RMS=0.0063313, max=0.0134034 (R.Iliac.Crest)
Frame 176 (t=1.29133):	total squared error = 0.0017456, marker error: RMS=0.00622826, max=0.01405 (R.Iliac.Crest)
Frame 177 (t=1.2955):	total squared error = 0.00169654, marker error: RMS=0.0061401, max=0.0146785 (R.Iliac.Crest)
Frame 178 (t=1.29967):	total squared error = 0.00163406, marker error: RMS=0.00602598, max=0.0153757 (R.Iliac.Crest)
Frame 179 (t=1.30383):	total squared error = 0.0015949, marker error: RMS=0.00595335, max=0.0158881 (R.Iliac.Crest)
Frame 180 (t=1.308):	total squared error = 0.00157508, marker error: RMS=0.00591623, max=0.0165163 (R.Iliac.Crest)
Frame 181 (t=1.31217):	total squared error = 0.00156141, marker error: RMS=0.0058905, max=0.0169935 (R.Iliac.Crest)
Frame 182 (t=1.31633):	total squared error = 0.00153467, marker error: RMS=0.00583985, max=0.0174622 (R.Iliac.Crest)
Frame 183 (t=1.3205):	total squared error = 0.00153135, marker error: RMS=0.00583353, max=0.0179151 (R.Iliac.Crest)
Frame 184 (t=1.32467):	total squared error = 0.00152593, marker error: RMS=0.00582319, max=0.01824 (R.Iliac.Crest)
Frame 185 (t=1.32883):	total squared error = 0.0015355, marker error: RMS=0.00584142, max=0.0186739 (R.Iliac.Crest)
Frame 186 (t=1.333):	total squared error = 0.00154489, marker error: RMS=0.00585926, max=0.0189974 (R.Iliac.Crest)
Frame 187 (t=1.33717):	total squared error = 0.00152865, marker error: RMS=0.00582838, max=0.0191051 (R.Iliac.Crest)
Frame 188 (t=1.34133):	total squared error = 0.00153758, marker error: RMS=0.00584537, max=0.0193947 (R.Iliac.Crest)
Frame 189 (t=1.3455):	total squared error = 0.00154157, marker error: RMS=0.00585295, max=0.019575 (R.Iliac.Crest)
Frame 190 (t=1.34967):	total squared error = 0.00154155, marker error: RMS=0.00585292, max=0.0197245 (R.Iliac.Crest)
Frame 191 (t=1.35383):	total squared error = 0.00154591, marker error: RMS=0.00586119, max=0.019856 (R.Iliac.Crest)
Frame 192 (t=1.358):	total squared error = 0.00154687, marker error: RMS=0.00586301, max=0.0199714 (R.Iliac.Crest)
Frame 193 (t=1.36217):	total squared error = 0.00154468, marker error: RMS=0.00585885, max=0.0200363 (R.Iliac.Crest)
Frame 194 (t=1.36633):	total squared error = 0.00154227, marker error: RMS=0.00585429, max=0.0200167 (R.Iliac.Crest)
Frame 195 (t=1.3705):	total squared error = 0.00153819, marker error: RMS=0.00584653, max=0.0200257 (R.Iliac.Crest)
Frame 196 (t=1.37467):	total squared error = 0.0015334, marker error: RMS=0.00583743, max=0.0200052 (R.Iliac.Crest)
Frame 197 (t=1.37883):	total squared error = 0.00152292, marker error: RMS=0.00581744, max=0.019805 (R.Iliac.Crest)
Frame 198 (t=1.383):	total squared error = 0.00152633, marker error: RMS=0.00582395, max=0.0198639 (R.Iliac.Crest)
Frame 199 (t=1.38717):	total squared error = 0.00152047, marker error: RMS=0.00581276, max=0.0197264 (R.Iliac.Crest)
Frame 200 (t=1.39133):	total squared error = 0.00151887, marker error: RMS=0.00580971, max=0.0196173 (R.Iliac.Crest)
Frame 201 (t=1.3955):	total squared error = 0.00151955, marker error: RMS=0.00581101, max=0.0195166 (R.Iliac.Crest)
Frame 202 (t=1.39967):	total squared error = 0.00152337, marker error: RMS=0.0058183, max=0.0193517 (R.Iliac.Crest)
Frame 203 (t=1.40383):	total squared error = 0.0015257, marker error: RMS=0.00582276, max=0.0191739 (R.Iliac.Crest)
Frame 204 (t=1.408):	total squared error = 0.00153321, marker error: RMS=0.00583707, max=0.0189834 (R.Iliac.Crest)
Frame 205 (t=1.41217):	total squared error = 0.00154676, marker error: RMS=0.0058628, max=0.0189174 (R.Iliac.Crest)
Frame 206 (t=1.41633):	total squared error = 0.00156692, marker error: RMS=0.00590088, max=0.0188499 (R.Iliac.Crest)
Frame 207 (t=1.4205):	total squared error = 0.00157407, marker error: RMS=0.00591433, max=0.0184902 (R.Iliac.Crest)
Frame 208 (t=1.42467):	total squared error = 0.00160462, marker error: RMS=0.00597145, max=0.018472 (R.Iliac.Crest)
Frame 209 (t=1.42883):	total squared error = 0.00162432, marker error: RMS=0.00600799, max=0.0181804 (R.Iliac.Crest)
Frame 210 (t=1.433):	total squared error = 0.00165751, marker error: RMS=0.00606906, max=0.0180265 (R.Iliac.Crest)
Frame 211 (t=1.43717):	total squared error = 0.00169304, marker error: RMS=0.00613377, max=0.0178355 (R.Iliac.Crest)
Frame 212 (t=1.44133):	total squared error = 0.00173747, marker error: RMS=0.00621373, max=0.0177914 (R.Iliac.Crest)
Frame 213 (t=1.4455):	total squared error = 0.00178299, marker error: RMS=0.0062946, max=0.0175779 (R.Iliac.Crest)
Frame 214 (t=1.44967):	total squared error = 0.00183978, marker error: RMS=0.00639406, max=0.0175486 (R.Iliac.Crest)
Frame 215 (t=1.45383):	total squared error = 0.00189823, marker error: RMS=0.00649484, max=0.017441 (R.Iliac.Crest)
Frame 216 (t=1.458):	total squared error = 0.00195845, marker error: RMS=0.00659705, max=0.017335 (R.Iliac.Crest)
Frame 217 (t=1.46217):	total squared error = 0.0020273, marker error: RMS=0.00671202, max=0.0173101 (R.Iliac.Crest)
Frame 218 (t=1.46633):	total squared error = 0.00208988, marker error: RMS=0.00681482, max=0.0171396 (R.Iliac.Crest)
Frame 219 (t=1.4705):	total squared error = 0.0021624, marker error: RMS=0.00693205, max=0.0171042 (R.Iliac.Crest)
Frame 220 (t=1.47467):	total squared error = 0.00223592, marker error: RMS=0.0070489, max=0.0171614 (R.Iliac.Crest)
Frame 221 (t=1.47883):	total squared error = 0.00231336, marker error: RMS=0.00716993, max=0.0170494 (R.Iliac.Crest)
Frame 222 (t=1.483):	total squared error = 0.0023933, marker error: RMS=0.00729276, max=0.0169668 (R.Iliac.Crest)
Frame 223 (t=1.48717):	total squared error = 0.00247629, marker error: RMS=0.00741813, max=0.0169245 (R.Iliac.Crest)
Frame 224 (t=1.49133):	total squared error = 0.00255922, marker error: RMS=0.00754133, max=0.0168683 (R.Iliac.Crest)
Frame 225 (t=1.4955):	total squared error = 0.00264371, marker error: RMS=0.0076648, max=0.016857 (R.Iliac.Crest)
Frame 226 (t=1.49967):	total squared error = 0.00272586, marker error: RMS=0.00778298, max=0.0168256 (R.Iliac.Crest)
Frame 227 (t=1.50383):	total squared error = 0.00280574, marker error: RMS=0.00789619, max=0.0168207 (R.Iliac.Crest)
Frame 228 (t=1.508):	total squared error = 0.00288048, marker error: RMS=0.00800066, max=0.0169378 (Top.Head)
Frame 229 (t=1.51217):	total squared error = 0.002959, marker error: RMS=0.00810897, max=0.0173765 (Top.Head)
Frame 230 (t=1.51633):	total squared error = 0.00302636, marker error: RMS=0.00820075, max=0.0177287 (Top.Head)
Frame 231 (t=1.5205):	total squared error = 0.00308782, marker error: RMS=0.00828361, max=0.018055 (Top.Head)
Frame 232 (t=1.52467):	total squared error = 0.00314115, marker error: RMS=0.00835483, max=0.0184517 (Top.Head)
Frame 233 (t=1.52883):	total squared error = 0.00319097, marker error: RMS=0.00842083, max=0.0188089 (Top.Head)
Frame 234 (t=1.533):	total squared error = 0.00323153, marker error: RMS=0.00847419, max=0.0191865 (Top.Head)
Frame 235 (t=1.53717):	total squared error = 0.00326352, marker error: RMS=0.00851602, max=0.0195015 (Top.Head)
Frame 236 (t=1.54133):	total squared error = 0.00328622, marker error: RMS=0.00854559, max=0.0198922 (Top.Head)
Frame 237 (t=1.5455):	total squared error = 0.00330025, marker error: RMS=0.00856382, max=0.0202111 (Top.Head)
Frame 238 (t=1.54967):	total squared error = 0.00330493, marker error: RMS=0.00856988, max=0.020521 (Top.Head)
Frame 239 (t=1.55383):	total squared error = 0.0033044, marker error: RMS=0.00856919, max=0.0208473 (Top.Head)
Frame 240 (t=1.558):	total squared error = 0.00330088, marker error: RMS=0.00856463, max=0.0211382 (Top.Head)
Frame 241 (t=1.56217):	total squared error = 0.00328752, marker error: RMS=0.00854728, max=0.0214183 (Top.Head)
Frame 242 (t=1.56633):	total squared error = 0.00327123, marker error: RMS=0.00852607, max=0.0217594 (Top.Head)
Frame 243 (t=1.5705):	total squared error = 0.0032531, marker error: RMS=0.00850242, max=0.0219227 (Top.Head)
Frame 244 (t=1.57467):	total squared error = 0.00323921, marker error: RMS=0.00848425, max=0.0223062 (Top.Head)
Frame 245 (t=1.57883):	total squared error = 0.00322742, marker error: RMS=0.0084688, max=0.0225009 (Top.Head)
Frame 246 (t=1.583):	total squared error = 0.00320751, marker error: RMS=0.00844263, max=0.0226657 (Top.Head)
Frame 247 (t=1.58717):	total squared error = 0.00320469, marker error: RMS=0.00843892, max=0.0230171 (Top.Head)
Frame 248 (t=1.59133):	total squared error = 0.00320015, marker error: RMS=0.00843293, max=0.023015 (Top.Head)
Frame 249 (t=1.5955):	total squared error = 0.00321884, marker error: RMS=0.00845753, max=0.0233321 (Top.Head)
Frame 250 (t=1.59967):	total squared error = 0.00323009, marker error: RMS=0.0084723, max=0.0234073 (Top.Head)
Frame 251 (t=1.60383):	total squared error = 0.00325857, marker error: RMS=0.00850956, max=0.0236151 (Top.Head)
Frame 252 (t=1.608):	total squared error = 0.00329468, marker error: RMS=0.00855659, max=0.0236634 (Top.Head)
Frame 253 (t=1.61217):	total squared error = 0.00334307, marker error: RMS=0.00861919, max=0.0237547 (Top.Head)
Frame 254 (t=1.61633):	total squared error = 0.00340174, marker error: RMS=0.00869449, max=0.0238322 (Top.Head)
Frame 255 (t=1.6205):	total squared error = 0.00346673, marker error: RMS=0.00877715, max=0.0239689 (Top.Head)
Frame 256 (t=1.62467):	total squared error = 0.00354353, marker error: RMS=0.00887384, max=0.024081 (Top.Head)
Frame 257 (t=1.62883):	total squared error = 0.00363022, marker error: RMS=0.00898173, max=0.0242139 (Top.Head)
Frame 258 (t=1.633):	total squared error = 0.00371023, marker error: RMS=0.00908018, max=0.0240658 (Top.Head)
Frame 259 (t=1.63717):	total squared error = 0.00379744, marker error: RMS=0.00918627, max=0.0243595 (Top.Head)
Frame 260 (t=1.64133):	total squared error = 0.00386847, marker error: RMS=0.00927178, max=0.0241623 (Top.Head)
Frame 261 (t=1.6455):	total squared error = 0.00394397, marker error: RMS=0.00936183, max=0.023995 (Top.Head)
Frame 262 (t=1.64967):	total squared error = 0.00400082, marker error: RMS=0.00942906, max=0.0240054 (Top.Head)
Frame 263 (t=1.65383):	total squared error = 0.00405382, marker error: RMS=0.0094913, max=0.0237723 (Top.Head)
Frame 264 (t=1.658):	total squared error = 0.00408943, marker error: RMS=0.0095329, max=0.0236004 (Top.Head)
Frame 265 (t=1.66217):	total squared error = 0.00411049, marker error: RMS=0.00955742, max=0.0236036 (Top.Head)
Frame 266 (t=1.66633):	total squared error = 0.00410841, marker error: RMS=0.009555, max=0.0232517 (Top.Head)
Frame 267 (t=1.6705):	total squared error = 0.0040877, marker error: RMS=0.00953089, max=0.0228561 (Top.Head)
Frame 268 (t=1.67467):	total squared error = 0.00405085, marker error: RMS=0.00948783, max=0.0226268 (Top.Head)
Frame 269 (t=1.67883):	total squared error = 0.00399609, marker error: RMS=0.00942348, max=0.022317 (Top.Head)
Frame 270 (t=1.683):	total squared error = 0.00392788, marker error: RMS=0.00934271, max=0.0219514 (Top.Head)
Frame 271 (t=1.68717):	total squared error = 0.00383981, marker error: RMS=0.00923738, max=0.0215325 (Top.Head)
Frame 272 (t=1.69133):	total squared error = 0.00374613, marker error: RMS=0.009124, max=0.0210046 (Top.Head)
Frame 273 (t=1.6955):	total squared error = 0.00363698, marker error: RMS=0.00899009, max=0.0205251 (Top.Head)
Frame 274 (t=1.69967):	total squared error = 0.00352266, marker error: RMS=0.00884767, max=0.020062 (Top.Head)
InverseKinematicsTool completed 274 frames in 1.622s

IK compute time = 1767ms
