Constructing tool from setup file Setup_IK_Passive_Pref0007.xml.

Loaded model A03_passive_scaled from file autoScaleWorker.osim
               MODEL: A03_passive_scaled
         coordinates: 27
              forces: 51
           actuators: 51
             muscles: 51
            analyses: 0
              probes: 0
              bodies: 13
              joints: 12
         constraints: 0
             markers: 50
         controllers: 0
  contact geometries: 0
misc modelcomponents: 0
Running tool Passive_Pref0007.
Loaded marker file Chopped.trc (50 markers, 255 frames)
Frame 0 (t=0):	total squared error = 0.0138609, marker error: RMS=0.0188522, max=0.0440736 (R_IC)
Frame 1 (t=0.00416667):	total squared error = 0.0138903, marker error: RMS=0.0188723, max=0.0443201 (R_IC)
Frame 2 (t=0.00833333):	total squared error = 0.0139319, marker error: RMS=0.0189005, max=0.0443933 (R_IC)
Frame 3 (t=0.0125):	total squared error = 0.0140215, marker error: RMS=0.0189611, max=0.0450176 (R_IC)
Frame 4 (t=0.0166667):	total squared error = 0.0140877, marker error: RMS=0.0190059, max=0.0450798 (R_IC)
Frame 5 (t=0.0208333):	total squared error = 0.014116, marker error: RMS=0.019025, max=0.0454791 (R_IC)
Frame 6 (t=0.025):	total squared error = 0.0142337, marker error: RMS=0.0191041, max=0.0457433 (R_IC)
Frame 7 (t=0.0291667):	total squared error = 0.0142783, marker error: RMS=0.019134, max=0.0460036 (R_IC)
Frame 8 (t=0.0333333):	total squared error = 0.014337, marker error: RMS=0.0191733, max=0.0461276 (R_IC)
Frame 9 (t=0.0375):	total squared error = 0.0141797, marker error: RMS=0.0190678, max=0.0456976 (R_IC)
Frame 10 (t=0.0416667):	total squared error = 0.0141807, marker error: RMS=0.0190685, max=0.0457685 (R_IC)
Frame 11 (t=0.0458333):	total squared error = 0.0141365, marker error: RMS=0.0190388, max=0.0455677 (R_IC)
Frame 12 (t=0.05):	total squared error = 0.0141334, marker error: RMS=0.0190366, max=0.0455558 (R_IC)
Frame 13 (t=0.0541667):	total squared error = 0.0141501, marker error: RMS=0.0190479, max=0.0455354 (R_IC)
Frame 14 (t=0.0583333):	total squared error = 0.0140789, marker error: RMS=0.0189999, max=0.04527 (R_IC)
Frame 15 (t=0.0625):	total squared error = 0.0137751, marker error: RMS=0.0187938, max=0.0437619 (R_IC)
Frame 16 (t=0.0666667):	total squared error = 0.013789, marker error: RMS=0.0188033, max=0.0439121 (R_IC)
Frame 17 (t=0.0708333):	total squared error = 0.0136993, marker error: RMS=0.0187421, max=0.0434168 (R_IC)
Frame 18 (t=0.075):	total squared error = 0.0135519, marker error: RMS=0.0186409, max=0.0430162 (R_IC)
Frame 19 (t=0.0791667):	total squared error = 0.013372, marker error: RMS=0.0185168, max=0.0420717 (R_IC)
Frame 20 (t=0.0833333):	total squared error = 0.0132533, marker error: RMS=0.0184344, max=0.0418665 (R_IC)
Frame 21 (t=0.0875):	total squared error = 0.0128443, marker error: RMS=0.0181477, max=0.0401893 (R_IC)
Frame 22 (t=0.0916667):	total squared error = 0.0126512, marker error: RMS=0.0180108, max=0.0396387 (L_AC)
Frame 23 (t=0.0958333):	total squared error = 0.0125092, marker error: RMS=0.0179095, max=0.0398034 (R_IC)
Frame 24 (t=0.1):	total squared error = 0.0121151, marker error: RMS=0.0176251, max=0.0390592 (L_AC)
Frame 25 (t=0.104167):	total squared error = 0.0119531, marker error: RMS=0.0175069, max=0.038513 (R_IC)
Frame 26 (t=0.108333):	total squared error = 0.0115256, marker error: RMS=0.0171909, max=0.0380326 (L_AC)
Frame 27 (t=0.1125):	total squared error = 0.0112317, marker error: RMS=0.0169703, max=0.037495 (L_AC)
Frame 28 (t=0.116667):	total squared error = 0.0110658, marker error: RMS=0.0168445, max=0.0372047 (R_IC)
Frame 29 (t=0.120833):	total squared error = 0.0106025, marker error: RMS=0.0164882, max=0.0365086 (L_AC)
Frame 30 (t=0.125):	total squared error = 0.0103515, marker error: RMS=0.0162918, max=0.036251 (R_IC)
Frame 31 (t=0.129167):	total squared error = 0.0100413, marker error: RMS=0.0160458, max=0.0359924 (R_IC)
Frame 32 (t=0.133333):	total squared error = 0.00987171, marker error: RMS=0.0159098, max=0.0363966 (R_IC)
Frame 33 (t=0.1375):	total squared error = 0.00942755, marker error: RMS=0.0155477, max=0.0352646 (R_IC)
Frame 34 (t=0.141667):	total squared error = 0.00920055, marker error: RMS=0.0153594, max=0.0354025 (R_IC)
Frame 35 (t=0.145833):	total squared error = 0.00891586, marker error: RMS=0.0151199, max=0.0352035 (R_IC)
Frame 36 (t=0.15):	total squared error = 0.0086846, marker error: RMS=0.0149225, max=0.0348228 (R_IC)
Frame 37 (t=0.154167):	total squared error = 0.0085217, marker error: RMS=0.0147819, max=0.034736 (R_IC)
Frame 38 (t=0.158333):	total squared error = 0.00833022, marker error: RMS=0.0146149, max=0.0344391 (R_IC)
Frame 39 (t=0.1625):	total squared error = 0.00814475, marker error: RMS=0.0144513, max=0.0342346 (R_IC)
Frame 40 (t=0.166667):	total squared error = 0.00802486, marker error: RMS=0.0143445, max=0.0343519 (R_IC)
Frame 41 (t=0.170833):	total squared error = 0.00793575, marker error: RMS=0.0142647, max=0.0341177 (R_IC)
Frame 42 (t=0.175):	total squared error = 0.00787238, marker error: RMS=0.0142076, max=0.0342037 (R_IC)
Frame 43 (t=0.179167):	total squared error = 0.0077724, marker error: RMS=0.0141171, max=0.0336453 (R_IC)
Frame 44 (t=0.183333):	total squared error = 0.00771964, marker error: RMS=0.0140691, max=0.0331273 (R_IC)
Frame 45 (t=0.1875):	total squared error = 0.00765826, marker error: RMS=0.0140131, max=0.03334 (R_IC)
Frame 46 (t=0.191667):	total squared error = 0.00762977, marker error: RMS=0.013987, max=0.0325928 (R_IC)
Frame 47 (t=0.195833):	total squared error = 0.00760408, marker error: RMS=0.0139634, max=0.0323707 (R_IC)
Frame 48 (t=0.2):	total squared error = 0.00760899, marker error: RMS=0.0139679, max=0.0320013 (R_IC)
Frame 49 (t=0.204167):	total squared error = 0.00750923, marker error: RMS=0.013876, max=0.0323555 (R_IC)
Frame 50 (t=0.208333):	total squared error = 0.00751208, marker error: RMS=0.0138787, max=0.0314789 (R_IC)
Frame 51 (t=0.2125):	total squared error = 0.00751108, marker error: RMS=0.0138777, max=0.030655 (R_IC)
Frame 52 (t=0.216667):	total squared error = 0.00751647, marker error: RMS=0.0138827, max=0.031 (R_IC)
Frame 53 (t=0.220833):	total squared error = 0.00739612, marker error: RMS=0.0137711, max=0.0310685 (R_IC)
Frame 54 (t=0.225):	total squared error = 0.00744228, marker error: RMS=0.013814, max=0.03033 (R_IC)
Frame 55 (t=0.229167):	total squared error = 0.00736221, marker error: RMS=0.0137395, max=0.0304647 (R_IC)
Frame 56 (t=0.233333):	total squared error = 0.00742655, marker error: RMS=0.0137994, max=0.0296374 (R_IC)
Frame 57 (t=0.2375):	total squared error = 0.00738331, marker error: RMS=0.0137592, max=0.029945 (R_IC)
Frame 58 (t=0.241667):	total squared error = 0.00745963, marker error: RMS=0.0138301, max=0.0294003 (R_IC)
Frame 59 (t=0.245833):	total squared error = 0.00756804, marker error: RMS=0.0139303, max=0.0289992 (R_IC)
Frame 60 (t=0.25):	total squared error = 0.00741223, marker error: RMS=0.0137861, max=0.029112 (R_IC)
Frame 61 (t=0.254167):	total squared error = 0.00749801, marker error: RMS=0.0138657, max=0.0288778 (R_IC)
Frame 62 (t=0.258333):	total squared error = 0.00744704, marker error: RMS=0.0138185, max=0.0286279 (R_IC)
Frame 63 (t=0.2625):	total squared error = 0.00749649, marker error: RMS=0.0138643, max=0.0284768 (R_IC)
Frame 64 (t=0.266667):	total squared error = 0.00751375, marker error: RMS=0.0138802, max=0.0282064 (R_IC)
Frame 65 (t=0.270833):	total squared error = 0.00760951, marker error: RMS=0.0139684, max=0.0281098 (R_IC)
Frame 66 (t=0.275):	total squared error = 0.00751434, marker error: RMS=0.0138808, max=0.0275779 (R_IC)
Frame 67 (t=0.279167):	total squared error = 0.0076226, marker error: RMS=0.0139804, max=0.0279071 (L_AC)
Frame 68 (t=0.283333):	total squared error = 0.00750714, marker error: RMS=0.0138741, max=0.0274497 (L_AC)
Frame 69 (t=0.2875):	total squared error = 0.00770723, marker error: RMS=0.0140578, max=0.027863 (L_AC)
Frame 70 (t=0.291667):	total squared error = 0.00753112, marker error: RMS=0.0138962, max=0.0274452 (L_IC)
Frame 71 (t=0.295833):	total squared error = 0.00771632, marker error: RMS=0.0140661, max=0.0284612 (L_IC)
Frame 72 (t=0.3):	total squared error = 0.00766732, marker error: RMS=0.0140213, max=0.0279706 (L_IC)
Frame 73 (t=0.304167):	total squared error = 0.00754381, marker error: RMS=0.0139079, max=0.0284006 (L_IC)
Frame 74 (t=0.308333):	total squared error = 0.00771334, marker error: RMS=0.0140634, max=0.0295119 (L_IC)
Frame 75 (t=0.3125):	total squared error = 0.00778118, marker error: RMS=0.0141251, max=0.0290689 (L_IC)
Frame 76 (t=0.316667):	total squared error = 0.00783115, marker error: RMS=0.0141703, max=0.0293336 (L_IC)
Frame 77 (t=0.320833):	total squared error = 0.00769115, marker error: RMS=0.0140431, max=0.0290546 (L_IC)
Frame 78 (t=0.325):	total squared error = 0.00786114, marker error: RMS=0.0141975, max=0.0301299 (L_IC)
Frame 79 (t=0.329167):	total squared error = 0.00761622, marker error: RMS=0.0139745, max=0.0291369 (L_IC)
Frame 80 (t=0.333333):	total squared error = 0.00770554, marker error: RMS=0.0140562, max=0.0296498 (L_IC)
Frame 81 (t=0.3375):	total squared error = 0.00757502, marker error: RMS=0.0139367, max=0.0294651 (L_IC)
Frame 82 (t=0.341667):	total squared error = 0.00772597, marker error: RMS=0.0140749, max=0.0304729 (L_IC)
Frame 83 (t=0.345833):	total squared error = 0.00777008, marker error: RMS=0.014115, max=0.0303566 (L_IC)
Frame 84 (t=0.35):	total squared error = 0.00753515, marker error: RMS=0.0139, max=0.0297773 (L_IC)
Frame 85 (t=0.354167):	total squared error = 0.00765558, marker error: RMS=0.0140106, max=0.0304252 (L_IC)
Frame 86 (t=0.358333):	total squared error = 0.00774364, marker error: RMS=0.0140909, max=0.0308308 (L_IC)
Frame 87 (t=0.3625):	total squared error = 0.00810511, marker error: RMS=0.0144161, max=0.0322548 (L_IC)
Frame 88 (t=0.366667):	total squared error = 0.0082431, marker error: RMS=0.0145383, max=0.0327333 (L_IC)
Frame 89 (t=0.370833):	total squared error = 0.00835256, marker error: RMS=0.0146345, max=0.0330579 (L_IC)
Frame 90 (t=0.375):	total squared error = 0.00811995, marker error: RMS=0.0144293, max=0.0323343 (L_IC)
Frame 91 (t=0.379167):	total squared error = 0.00830412, marker error: RMS=0.014592, max=0.0329034 (L_IC)
Frame 92 (t=0.383333):	total squared error = 0.0082413, marker error: RMS=0.0145367, max=0.0329517 (L_IC)
Frame 93 (t=0.3875):	total squared error = 0.00844447, marker error: RMS=0.0147148, max=0.0333513 (L_IC)
Frame 94 (t=0.391667):	total squared error = 0.00843955, marker error: RMS=0.0147105, max=0.0337142 (L_IC)
Frame 95 (t=0.395833):	total squared error = 0.00868227, marker error: RMS=0.0149205, max=0.0341678 (L_IC)
Frame 96 (t=0.4):	total squared error = 0.00892095, marker error: RMS=0.0151242, max=0.0363108 (L_IC)
Frame 97 (t=0.404167):	total squared error = 0.00900458, marker error: RMS=0.015195, max=0.0361366 (L_IC)
Frame 98 (t=0.408333):	total squared error = 0.00925427, marker error: RMS=0.0154042, max=0.0362941 (L_IC)
Frame 99 (t=0.4125):	total squared error = 0.0092293, marker error: RMS=0.0153834, max=0.0361296 (L_IC)
Frame 100 (t=0.416667):	total squared error = 0.00935587, marker error: RMS=0.0154885, max=0.0362647 (L_IC)
Frame 101 (t=0.420833):	total squared error = 0.00963358, marker error: RMS=0.0157167, max=0.0365321 (L_IC)
Frame 102 (t=0.425):	total squared error = 0.00962126, marker error: RMS=0.0157067, max=0.0369587 (L_IC)
Frame 103 (t=0.429167):	total squared error = 0.0097586, marker error: RMS=0.0158184, max=0.037147 (L_IC)
Frame 104 (t=0.433333):	total squared error = 0.0100163, marker error: RMS=0.0160258, max=0.0373247 (L_IC)
Frame 105 (t=0.4375):	total squared error = 0.00991537, marker error: RMS=0.0159449, max=0.0369921 (L_IC)
Frame 106 (t=0.441667):	total squared error = 0.0104379, marker error: RMS=0.0163597, max=0.0383121 (R_TOE)
Frame 107 (t=0.445833):	total squared error = 0.0104942, marker error: RMS=0.0164037, max=0.0386484 (R_TOE)
Frame 108 (t=0.45):	total squared error = 0.010517, marker error: RMS=0.0164215, max=0.038882 (R_TOE)
Frame 109 (t=0.454167):	total squared error = 0.0107308, marker error: RMS=0.0165876, max=0.0402969 (R_TOE)
Frame 110 (t=0.458333):	total squared error = 0.0106257, marker error: RMS=0.0165062, max=0.0391517 (R_TOE)
Frame 111 (t=0.4625):	total squared error = 0.0108553, marker error: RMS=0.0166836, max=0.0408025 (R_TOE)
Frame 112 (t=0.466667):	total squared error = 0.0106835, marker error: RMS=0.016551, max=0.038823 (R_TOE)
Frame 113 (t=0.470833):	total squared error = 0.0108085, marker error: RMS=0.0166476, max=0.0388571 (R_TOE)
Frame 114 (t=0.475):	total squared error = 0.0110469, marker error: RMS=0.0168301, max=0.0400754 (R_TOE)
Frame 115 (t=0.479167):	total squared error = 0.0109061, marker error: RMS=0.0167226, max=0.0388239 (R_TOE)
Frame 116 (t=0.483333):	total squared error = 0.0111269, marker error: RMS=0.016891, max=0.0397757 (R_TOE)
Frame 117 (t=0.4875):	total squared error = 0.0113439, marker error: RMS=0.0170549, max=0.0404887 (R_TOE)
Frame 118 (t=0.491667):	total squared error = 0.0112662, marker error: RMS=0.0169964, max=0.039648 (R_TOE)
Frame 119 (t=0.495833):	total squared error = 0.0113726, marker error: RMS=0.0170765, max=0.0398637 (R_TOE)
Frame 120 (t=0.5):	total squared error = 0.0114375, marker error: RMS=0.0171251, max=0.0397165 (R_TOE)
Frame 121 (t=0.504167):	total squared error = 0.0115186, marker error: RMS=0.0171857, max=0.039672 (L_IC)
Frame 122 (t=0.508333):	total squared error = 0.0115972, marker error: RMS=0.0172443, max=0.0408446 (R_TOE)
Frame 123 (t=0.5125):	total squared error = 0.0115976, marker error: RMS=0.0172445, max=0.0405141 (R_TOE)
Frame 124 (t=0.516667):	total squared error = 0.0116271, marker error: RMS=0.0172665, max=0.0411137 (R_TOE)
Frame 125 (t=0.520833):	total squared error = 0.0115901, marker error: RMS=0.017239, max=0.0404004 (R_TOE)
Frame 126 (t=0.525):	total squared error = 0.0115663, marker error: RMS=0.0172212, max=0.0405928 (L_IC)
Frame 127 (t=0.529167):	total squared error = 0.0116069, marker error: RMS=0.0172514, max=0.0419413 (R_TOE)
Frame 128 (t=0.533333):	total squared error = 0.0116415, marker error: RMS=0.0172772, max=0.0428545 (R_TOE)
Frame 129 (t=0.5375):	total squared error = 0.0116436, marker error: RMS=0.0172787, max=0.042491 (R_TOE)
Frame 130 (t=0.541667):	total squared error = 0.0115417, marker error: RMS=0.0172029, max=0.0419932 (L_IC)
Frame 131 (t=0.545833):	total squared error = 0.0114397, marker error: RMS=0.0171268, max=0.0423916 (R_TOE)
Frame 132 (t=0.55):	total squared error = 0.0113317, marker error: RMS=0.0170457, max=0.0425887 (L_IC)
Frame 133 (t=0.554167):	total squared error = 0.0111026, marker error: RMS=0.0168725, max=0.0436247 (R_TOE)
Frame 134 (t=0.558333):	total squared error = 0.0109629, marker error: RMS=0.0167661, max=0.0419668 (R_TOE)
Frame 135 (t=0.5625):	total squared error = 0.0108162, marker error: RMS=0.0166534, max=0.0423872 (L_IC)
Frame 136 (t=0.566667):	total squared error = 0.0105024, marker error: RMS=0.0164101, max=0.0430545 (R_TOE)
Frame 137 (t=0.570833):	total squared error = 0.0103752, marker error: RMS=0.0163105, max=0.0427627 (R_TOE)
Frame 138 (t=0.575):	total squared error = 0.0102486, marker error: RMS=0.0162106, max=0.0420443 (L_IC)
Frame 139 (t=0.579167):	total squared error = 0.0097684, marker error: RMS=0.0158263, max=0.0407461 (R_TOE)
Frame 140 (t=0.583333):	total squared error = 0.00968306, marker error: RMS=0.015757, max=0.041172 (L_IC)
Frame 141 (t=0.5875):	total squared error = 0.0095429, marker error: RMS=0.0156426, max=0.0413661 (L_IC)
Frame 142 (t=0.591667):	total squared error = 0.00952166, marker error: RMS=0.0156251, max=0.0420589 (L_IC)
Frame 143 (t=0.595833):	total squared error = 0.00913804, marker error: RMS=0.0153071, max=0.0404598 (L_IC)
Frame 144 (t=0.6):	total squared error = 0.00910381, marker error: RMS=0.0152784, max=0.0408707 (L_IC)
Frame 145 (t=0.604167):	total squared error = 0.00909453, marker error: RMS=0.0152707, max=0.041316 (L_IC)
Frame 146 (t=0.608333):	total squared error = 0.00906795, marker error: RMS=0.0152483, max=0.0415408 (L_IC)
Frame 147 (t=0.6125):	total squared error = 0.0088096, marker error: RMS=0.0150295, max=0.0408627 (L_IC)
Frame 148 (t=0.616667):	total squared error = 0.00879052, marker error: RMS=0.0150133, max=0.0408847 (L_IC)
Frame 149 (t=0.620833):	total squared error = 0.00865197, marker error: RMS=0.0148945, max=0.0407727 (L_IC)
Frame 150 (t=0.625):	total squared error = 0.00863815, marker error: RMS=0.0148826, max=0.0406661 (L_IC)
Frame 151 (t=0.629167):	total squared error = 0.00849557, marker error: RMS=0.0147592, max=0.0404806 (L_IC)
Frame 152 (t=0.633333):	total squared error = 0.00857515, marker error: RMS=0.0148282, max=0.0412198 (L_IC)
Frame 153 (t=0.6375):	total squared error = 0.0084539, marker error: RMS=0.014723, max=0.0407864 (L_IC)
Frame 154 (t=0.641667):	total squared error = 0.0084549, marker error: RMS=0.0147239, max=0.0411569 (L_IC)
Frame 155 (t=0.645833):	total squared error = 0.00830314, marker error: RMS=0.0145911, max=0.0406119 (L_IC)
Frame 156 (t=0.65):	total squared error = 0.00815805, marker error: RMS=0.0144631, max=0.0400447 (L_IC)
Frame 157 (t=0.654167):	total squared error = 0.00829581, marker error: RMS=0.0145847, max=0.0409147 (L_IC)
Frame 158 (t=0.658333):	total squared error = 0.0081438, marker error: RMS=0.0144504, max=0.0402701 (L_IC)
Frame 159 (t=0.6625):	total squared error = 0.00794283, marker error: RMS=0.014271, max=0.0395882 (L_IC)
Frame 160 (t=0.666667):	total squared error = 0.00805081, marker error: RMS=0.0143677, max=0.0401006 (L_IC)
Frame 161 (t=0.670833):	total squared error = 0.00782183, marker error: RMS=0.0141619, max=0.0393502 (L_IC)
Frame 162 (t=0.675):	total squared error = 0.00766342, marker error: RMS=0.0140178, max=0.0387398 (L_IC)
Frame 163 (t=0.679167):	total squared error = 0.00750939, marker error: RMS=0.0138762, max=0.0381975 (L_IC)
Frame 164 (t=0.683333):	total squared error = 0.0076382, marker error: RMS=0.0139947, max=0.0385524 (L_IC)
Frame 165 (t=0.6875):	total squared error = 0.00740091, marker error: RMS=0.0137756, max=0.0377762 (L_IC)
Frame 166 (t=0.691667):	total squared error = 0.00723178, marker error: RMS=0.0136173, max=0.0369935 (L_IC)
Frame 167 (t=0.695833):	total squared error = 0.00706423, marker error: RMS=0.0134586, max=0.0362786 (L_IC)
Frame 168 (t=0.7):	total squared error = 0.00713063, marker error: RMS=0.0135217, max=0.0361942 (L_IC)
Frame 169 (t=0.704167):	total squared error = 0.0069422, marker error: RMS=0.0133419, max=0.0352726 (L_IC)
Frame 170 (t=0.708333):	total squared error = 0.00681733, marker error: RMS=0.0132213, max=0.0345137 (L_IC)
Frame 171 (t=0.7125):	total squared error = 0.00671802, marker error: RMS=0.0131247, max=0.0337474 (L_IC)
Frame 172 (t=0.716667):	total squared error = 0.00658729, marker error: RMS=0.0129963, max=0.0320253 (L_IC)
Frame 173 (t=0.720833):	total squared error = 0.00664187, marker error: RMS=0.0130501, max=0.0323239 (L_IC)
Frame 174 (t=0.725):	total squared error = 0.00649986, marker error: RMS=0.0129098, max=0.0311868 (L_IC)
Frame 175 (t=0.729167):	total squared error = 0.00639726, marker error: RMS=0.0128075, max=0.030114 (L_IC)
Frame 176 (t=0.733333):	total squared error = 0.00634357, marker error: RMS=0.0127537, max=0.029364 (L_IC)
Frame 177 (t=0.7375):	total squared error = 0.00644358, marker error: RMS=0.0128538, max=0.0289593 (L_IC)
Frame 178 (t=0.741667):	total squared error = 0.00633513, marker error: RMS=0.0127452, max=0.0275354 (L_IC)
Frame 179 (t=0.745833):	total squared error = 0.00634976, marker error: RMS=0.0127599, max=0.0275832 (R_AC)
Frame 180 (t=0.75):	total squared error = 0.00628168, marker error: RMS=0.0126913, max=0.0266053 (L_AC)
Frame 181 (t=0.754167):	total squared error = 0.00621182, marker error: RMS=0.0126205, max=0.0267639 (L_AC)
Frame 182 (t=0.758333):	total squared error = 0.0061855, marker error: RMS=0.0125938, max=0.0265586 (L_AC)
Frame 183 (t=0.7625):	total squared error = 0.00619879, marker error: RMS=0.0126073, max=0.0269362 (R_TOE)
Frame 184 (t=0.766667):	total squared error = 0.00633512, marker error: RMS=0.0127452, max=0.0273176 (L_AC)
Frame 185 (t=0.770833):	total squared error = 0.0063189, marker error: RMS=0.0127288, max=0.0270734 (R_TOE)
Frame 186 (t=0.775):	total squared error = 0.00639392, marker error: RMS=0.0128042, max=0.0274765 (R_TOE)
Frame 187 (t=0.779167):	total squared error = 0.00642754, marker error: RMS=0.0128378, max=0.0277188 (R_TOE)
Frame 188 (t=0.783333):	total squared error = 0.00648511, marker error: RMS=0.0128952, max=0.0280233 (R_TOE)
Frame 189 (t=0.7875):	total squared error = 0.00657529, marker error: RMS=0.0129845, max=0.0283247 (R_TOE)
Frame 190 (t=0.791667):	total squared error = 0.00666477, marker error: RMS=0.0130726, max=0.0285585 (R_TOE)
Frame 191 (t=0.795833):	total squared error = 0.00676079, marker error: RMS=0.0131664, max=0.0286857 (R_TOE)
Frame 192 (t=0.8):	total squared error = 0.0068266, marker error: RMS=0.0132303, max=0.0288171 (R_TOE)
Frame 193 (t=0.804167):	total squared error = 0.0069318, marker error: RMS=0.0133319, max=0.0289014 (R_TOE)
Frame 194 (t=0.808333):	total squared error = 0.0071366, marker error: RMS=0.0135274, max=0.0297883 (R_TOE)
Frame 195 (t=0.8125):	total squared error = 0.0071814, marker error: RMS=0.0135698, max=0.0290038 (L_AC)
Frame 196 (t=0.816667):	total squared error = 0.00723959, marker error: RMS=0.0136246, max=0.0293195 (L_AC)
Frame 197 (t=0.820833):	total squared error = 0.0073487, marker error: RMS=0.0137269, max=0.029927 (L_AC)
Frame 198 (t=0.825):	total squared error = 0.00743725, marker error: RMS=0.0138094, max=0.0303473 (L_AC)
Frame 199 (t=0.829167):	total squared error = 0.00759732, marker error: RMS=0.0139572, max=0.0298433 (L_AC)
Frame 200 (t=0.833333):	total squared error = 0.00760797, marker error: RMS=0.013967, max=0.0314902 (L_AC)
Frame 201 (t=0.8375):	total squared error = 0.00772727, marker error: RMS=0.0140761, max=0.032438 (L_AC)
Frame 202 (t=0.841667):	total squared error = 0.0078169, marker error: RMS=0.0141574, max=0.0328856 (L_AC)
Frame 203 (t=0.845833):	total squared error = 0.00787266, marker error: RMS=0.0142079, max=0.0329783 (L_AC)
Frame 204 (t=0.85):	total squared error = 0.00797738, marker error: RMS=0.014302, max=0.0324651 (L_AC)
Frame 205 (t=0.854167):	total squared error = 0.00795444, marker error: RMS=0.0142815, max=0.0339398 (L_AC)
Frame 206 (t=0.858333):	total squared error = 0.00801752, marker error: RMS=0.014338, max=0.0337887 (L_AC)
Frame 207 (t=0.8625):	total squared error = 0.00800601, marker error: RMS=0.0143277, max=0.0344437 (L_AC)
Frame 208 (t=0.866667):	total squared error = 0.00805915, marker error: RMS=0.0143751, max=0.0341611 (L_AC)
Frame 209 (t=0.870833):	total squared error = 0.00809357, marker error: RMS=0.0144058, max=0.0342333 (L_AC)
Frame 210 (t=0.875):	total squared error = 0.00811621, marker error: RMS=0.0144259, max=0.0343065 (L_AC)
Frame 211 (t=0.879167):	total squared error = 0.00806952, marker error: RMS=0.0143844, max=0.0344979 (L_AC)
Frame 212 (t=0.883333):	total squared error = 0.00808257, marker error: RMS=0.014396, max=0.0345519 (L_AC)
Frame 213 (t=0.8875):	total squared error = 0.00811711, marker error: RMS=0.0144267, max=0.0345988 (L_AC)
Frame 214 (t=0.891667):	total squared error = 0.00819335, marker error: RMS=0.0144943, max=0.034336 (L_AC)
Frame 215 (t=0.895833):	total squared error = 0.00825616, marker error: RMS=0.0145498, max=0.0342696 (L_AC)
Frame 216 (t=0.9):	total squared error = 0.00818207, marker error: RMS=0.0144844, max=0.034693 (L_AC)
Frame 217 (t=0.904167):	total squared error = 0.00828241, marker error: RMS=0.0145729, max=0.0344002 (L_AC)
Frame 218 (t=0.908333):	total squared error = 0.00826244, marker error: RMS=0.0145553, max=0.0346087 (L_AC)
Frame 219 (t=0.9125):	total squared error = 0.00829757, marker error: RMS=0.0145862, max=0.0346536 (L_AC)
Frame 220 (t=0.916667):	total squared error = 0.00848052, marker error: RMS=0.0147462, max=0.0342843 (L_AC)
Frame 221 (t=0.920833):	total squared error = 0.00844209, marker error: RMS=0.0147127, max=0.0346824 (L_AC)
Frame 222 (t=0.925):	total squared error = 0.00858133, marker error: RMS=0.0148335, max=0.0347119 (L_AC)
Frame 223 (t=0.929167):	total squared error = 0.0086288, marker error: RMS=0.0148745, max=0.034846 (L_AC)
Frame 224 (t=0.933333):	total squared error = 0.00884278, marker error: RMS=0.0150578, max=0.0346779 (L_AC)
Frame 225 (t=0.9375):	total squared error = 0.0088533, marker error: RMS=0.0150668, max=0.0349335 (L_AC)
Frame 226 (t=0.941667):	total squared error = 0.00904694, marker error: RMS=0.0152307, max=0.034991 (L_AC)
Frame 227 (t=0.945833):	total squared error = 0.00913626, marker error: RMS=0.0153057, max=0.0352425 (L_AC)
Frame 228 (t=0.95):	total squared error = 0.00926543, marker error: RMS=0.0154135, max=0.0352732 (L_AC)
Frame 229 (t=0.954167):	total squared error = 0.00953543, marker error: RMS=0.0156364, max=0.0353702 (L_AC)
Frame 230 (t=0.958333):	total squared error = 0.00969646, marker error: RMS=0.0157679, max=0.0354596 (L_AC)
Frame 231 (t=0.9625):	total squared error = 0.00979398, marker error: RMS=0.015847, max=0.0356539 (L_AC)
Frame 232 (t=0.966667):	total squared error = 0.0100847, marker error: RMS=0.0160805, max=0.035826 (L_AC)
Frame 233 (t=0.970833):	total squared error = 0.0102029, marker error: RMS=0.0161745, max=0.0360336 (L_AC)
Frame 234 (t=0.975):	total squared error = 0.0104901, marker error: RMS=0.0164005, max=0.0361584 (L_AC)
Frame 235 (t=0.979167):	total squared error = 0.0107933, marker error: RMS=0.0166359, max=0.0362109 (L_AC)
Frame 236 (t=0.983333):	total squared error = 0.0110906, marker error: RMS=0.0168634, max=0.0364857 (L_AC)
Frame 237 (t=0.9875):	total squared error = 0.0114351, marker error: RMS=0.0171233, max=0.03693 (R_IC)
Frame 238 (t=0.991667):	total squared error = 0.0113486, marker error: RMS=0.0170584, max=0.0380247 (R_IC)
Frame 239 (t=0.995833):	total squared error = 0.0116514, marker error: RMS=0.0172845, max=0.0386094 (R_IC)
Frame 240 (t=1):	total squared error = 0.0119498, marker error: RMS=0.0175044, max=0.0391185 (R_IC)
Frame 241 (t=1.00417):	total squared error = 0.0119575, marker error: RMS=0.0175101, max=0.0402751 (R_IC)
Frame 242 (t=1.00833):	total squared error = 0.012247, marker error: RMS=0.0177208, max=0.0407289 (R_IC)
Frame 243 (t=1.0125):	total squared error = 0.0122493, marker error: RMS=0.0177224, max=0.0414606 (R_IC)
Frame 244 (t=1.01667):	total squared error = 0.0125121, marker error: RMS=0.0179115, max=0.0418564 (R_IC)
Frame 245 (t=1.02083):	total squared error = 0.0127882, marker error: RMS=0.0181081, max=0.0423041 (R_IC)
Frame 246 (t=1.025):	total squared error = 0.012366, marker error: RMS=0.0178067, max=0.042541 (R_IC)
Frame 247 (t=1.02917):	total squared error = 0.0125669, marker error: RMS=0.0179507, max=0.0429242 (R_IC)
Frame 248 (t=1.03333):	total squared error = 0.0127551, marker error: RMS=0.0180846, max=0.0431802 (R_IC)
Frame 249 (t=1.0375):	total squared error = 0.0128705, marker error: RMS=0.0181662, max=0.0438328 (R_IC)
Frame 250 (t=1.04167):	total squared error = 0.0129937, marker error: RMS=0.018253, max=0.044052 (R_IC)
Frame 251 (t=1.04583):	total squared error = 0.0131426, marker error: RMS=0.0183573, max=0.0442365 (R_IC)
Frame 252 (t=1.05):	total squared error = 0.0131957, marker error: RMS=0.0183943, max=0.044901 (R_IC)
Frame 253 (t=1.05417):	total squared error = 0.0132458, marker error: RMS=0.0184292, max=0.0449745 (R_IC)
Frame 254 (t=1.05833):	total squared error = 0.0133314, marker error: RMS=0.0184887, max=0.0450682 (R_IC)
Frame 255 (t=1.0625):	total squared error = 0.0133932, marker error: RMS=0.0185315, max=0.045154 (R_IC)
InverseKinematicsTool completed 255 frames in 10.404s

IK compute time = 10692ms
